<?xml version="1.0" encoding="UTF-8"?>
<coverage generated="1748356012459" clover="3.2.0">
  <project timestamp="1748356012459" name="All files">
    <metrics statements="272" coveredstatements="230" conditionals="44" coveredconditionals="35" methods="33" coveredmethods="28" elements="349" coveredelements="293" complexity="0" loc="272" ncloc="272" packages="5" files="12" classes="12"/>
    <package name="src">
      <metrics statements="37" coveredstatements="34" conditionals="2" coveredconditionals="1" methods="7" coveredmethods="5"/>
      <file name="app.ts" path="C:\Users\bilan\MovieTalk\MovieTalk-Backend\src\app.ts">
        <metrics statements="37" coveredstatements="34" conditionals="2" coveredconditionals="1" methods="7" coveredmethods="5"/>
        <line num="1" count="3" type="stmt"/>
        <line num="2" count="3" type="stmt"/>
        <line num="3" count="3" type="stmt"/>
        <line num="4" count="3" type="stmt"/>
        <line num="5" count="3" type="stmt"/>
        <line num="6" count="3" type="stmt"/>
        <line num="7" count="3" type="stmt"/>
        <line num="8" count="3" type="stmt"/>
        <line num="10" count="3" type="stmt"/>
        <line num="12" count="3" type="stmt"/>
        <line num="15" count="3" type="stmt"/>
        <line num="16" count="3" type="stmt"/>
        <line num="18" count="3" type="stmt"/>
        <line num="19" count="51" type="stmt"/>
        <line num="20" count="51" type="stmt"/>
        <line num="21" count="51" type="stmt"/>
        <line num="22" count="51" type="stmt"/>
        <line num="26" count="3" type="stmt"/>
        <line num="27" count="0" type="stmt"/>
        <line num="29" count="3" type="stmt"/>
        <line num="30" count="3" type="stmt"/>
        <line num="31" count="3" type="stmt"/>
        <line num="34" count="3" type="stmt"/>
        <line num="46" count="3" type="stmt"/>
        <line num="47" count="3" type="stmt"/>
        <line num="50" count="3" type="stmt"/>
        <line num="51" count="3" type="stmt"/>
        <line num="52" count="3" type="stmt"/>
        <line num="53" count="3" type="stmt"/>
        <line num="54" count="3" type="stmt"/>
        <line num="55" count="3" type="stmt"/>
        <line num="58" count="3" type="cond" truecount="1" falsecount="1"/>
        <line num="59" count="0" type="stmt"/>
        <line num="61" count="3" type="stmt"/>
        <line num="63" count="3" type="stmt"/>
        <line num="64" count="0" type="stmt"/>
        <line num="69" count="3" type="stmt"/>
      </file>
    </package>
    <package name="src.controllers">
      <metrics statements="178" coveredstatements="139" conditionals="38" coveredconditionals="30" methods="25" coveredmethods="22"/>
      <file name="auth.controller.ts" path="C:\Users\bilan\MovieTalk\MovieTalk-Backend\src\controllers\auth.controller.ts">
        <metrics statements="121" coveredstatements="106" conditionals="30" coveredconditionals="25" methods="15" coveredmethods="15"/>
        <line num="2" count="3" type="stmt"/>
        <line num="3" count="3" type="stmt"/>
        <line num="4" count="3" type="stmt"/>
        <line num="10" count="9" type="stmt"/>
        <line num="11" count="9" type="stmt"/>
        <line num="12" count="9" type="stmt"/>
        <line num="13" count="9" type="cond" truecount="3" falsecount="0"/>
        <line num="14" count="2" type="stmt"/>
        <line num="15" count="2" type="stmt"/>
        <line num="17" count="7" type="stmt"/>
        <line num="18" count="7" type="stmt"/>
        <line num="19" count="7" type="stmt"/>
        <line num="20" count="7" type="stmt"/>
        <line num="24" count="5" type="stmt"/>
        <line num="26" count="2" type="stmt"/>
        <line num="30" count="3" type="stmt"/>
        <line num="31" count="10" type="stmt"/>
        <line num="33" count="10" type="stmt"/>
        <line num="34" count="10" type="stmt"/>
        <line num="35" count="10" type="stmt"/>
        <line num="37" count="10" type="cond" truecount="4" falsecount="0"/>
        <line num="38" count="4" type="stmt"/>
        <line num="41" count="6" type="stmt"/>
        <line num="47" count="6" type="stmt"/>
        <line num="53" count="6" type="stmt"/>
        <line num="57" count="13" type="stmt"/>
        <line num="58" count="13" type="stmt"/>
        <line num="59" count="13" type="stmt"/>
        <line num="60" count="13" type="stmt"/>
        <line num="61" count="13" type="stmt"/>
        <line num="63" count="13" type="cond" truecount="3" falsecount="0"/>
        <line num="64" count="2" type="stmt"/>
        <line num="65" count="2" type="stmt"/>
        <line num="67" count="11" type="stmt"/>
        <line num="68" count="11" type="stmt"/>
        <line num="69" count="11" type="stmt"/>
        <line num="70" count="11" type="cond" truecount="1" falsecount="0"/>
        <line num="71" count="1" type="stmt"/>
        <line num="72" count="1" type="stmt"/>
        <line num="74" count="10" type="stmt"/>
        <line num="75" count="10" type="stmt"/>
        <line num="77" count="10" type="cond" truecount="1" falsecount="0"/>
        <line num="78" count="1" type="stmt"/>
        <line num="79" count="1" type="stmt"/>
        <line num="82" count="9" type="stmt"/>
        <line num="83" count="9" type="stmt"/>
        <line num="84" count="5" type="cond" truecount="0" falsecount="1"/>
        <line num="85" count="0" type="stmt"/>
        <line num="86" count="0" type="stmt"/>
        <line num="89" count="5" type="cond" truecount="0" falsecount="1"/>
        <line num="90" count="0" type="stmt"/>
        <line num="93" count="5" type="stmt"/>
        <line num="94" count="5" type="stmt"/>
        <line num="95" count="5" type="stmt"/>
        <line num="96" count="5" type="stmt"/>
        <line num="103" count="4" type="stmt"/>
        <line num="104" count="4" type="cond" truecount="1" falsecount="0"/>
        <line num="105" count="4" type="stmt"/>
        <line num="110" count="5" type="stmt"/>
        <line num="111" count="5" type="stmt"/>
        <line num="112" count="5" type="cond" truecount="1" falsecount="0"/>
        <line num="113" count="1" type="stmt"/>
        <line num="114" count="1" type="stmt"/>
        <line num="117" count="4" type="cond" truecount="1" falsecount="0"/>
        <line num="118" count="1" type="stmt"/>
        <line num="119" count="1" type="stmt"/>
        <line num="121" count="3" type="stmt"/>
        <line num="122" count="3" type="cond" truecount="1" falsecount="0"/>
        <line num="123" count="1" type="stmt"/>
        <line num="124" count="1" type="stmt"/>
        <line num="126" count="2" type="stmt"/>
        <line num="127" count="2" type="stmt"/>
        <line num="128" count="2" type="stmt"/>
        <line num="129" count="2" type="cond" truecount="1" falsecount="0"/>
        <line num="130" count="1" type="stmt"/>
        <line num="131" count="1" type="stmt"/>
        <line num="133" count="1" type="cond" truecount="2" falsecount="1"/>
        <line num="134" count="0" type="stmt"/>
        <line num="135" count="0" type="stmt"/>
        <line num="136" count="0" type="stmt"/>
        <line num="137" count="0" type="stmt"/>
        <line num="139" count="1" type="stmt"/>
        <line num="140" count="1" type="stmt"/>
        <line num="141" count="1" type="stmt"/>
        <line num="142" count="1" type="stmt"/>
        <line num="144" count="0" type="stmt"/>
        <line num="149" count="9" type="stmt"/>
        <line num="150" count="9" type="stmt"/>
        <line num="151" count="8" type="cond" truecount="1" falsecount="0"/>
        <line num="152" count="3" type="stmt"/>
        <line num="153" count="3" type="stmt"/>
        <line num="155" count="5" type="cond" truecount="1" falsecount="0"/>
        <line num="156" count="1" type="stmt"/>
        <line num="157" count="1" type="stmt"/>
        <line num="159" count="4" type="stmt"/>
        <line num="160" count="4" type="cond" truecount="1" falsecount="0"/>
        <line num="161" count="1" type="stmt"/>
        <line num="162" count="1" type="stmt"/>
        <line num="165" count="3" type="stmt"/>
        <line num="166" count="3" type="stmt"/>
        <line num="167" count="3" type="stmt"/>
        <line num="168" count="3" type="cond" truecount="0" falsecount="1"/>
        <line num="169" count="0" type="stmt"/>
        <line num="170" count="0" type="stmt"/>
        <line num="173" count="3" type="cond" truecount="3" falsecount="0"/>
        <line num="174" count="2" type="stmt"/>
        <line num="175" count="2" type="stmt"/>
        <line num="176" count="2" type="stmt"/>
        <line num="177" count="2" type="stmt"/>
        <line num="180" count="1" type="stmt"/>
        <line num="181" count="1" type="cond" truecount="0" falsecount="1"/>
        <line num="182" count="0" type="stmt"/>
        <line num="183" count="0" type="stmt"/>
        <line num="184" count="0" type="stmt"/>
        <line num="185" count="0" type="stmt"/>
        <line num="188" count="1" type="stmt"/>
        <line num="189" count="1" type="stmt"/>
        <line num="190" count="1" type="stmt"/>
        <line num="192" count="1" type="stmt"/>
        <line num="197" count="0" type="stmt"/>
        <line num="225" count="3" type="stmt"/>
      </file>
      <file name="base.controller.ts" path="C:\Users\bilan\MovieTalk\MovieTalk-Backend\src\controllers\base.controller.ts">
        <metrics statements="41" coveredstatements="21" conditionals="8" coveredconditionals="5" methods="6" coveredmethods="4"/>
        <line num="8" count="6" type="stmt"/>
        <line num="12" count="1" type="stmt"/>
        <line num="13" count="1" type="stmt"/>
        <line num="14" count="1" type="stmt"/>
        <line num="16" count="0" type="stmt"/>
        <line num="21" count="5" type="stmt"/>
        <line num="22" count="5" type="stmt"/>
        <line num="23" count="5" type="stmt"/>
        <line num="25" count="5" type="stmt"/>
        <line num="26" count="5" type="cond" truecount="1" falsecount="0"/>
        <line num="27" count="2" type="stmt"/>
        <line num="30" count="5" type="cond" truecount="0" falsecount="1"/>
        <line num="31" count="0" type="stmt"/>
        <line num="34" count="5" type="cond" truecount="2" falsecount="0"/>
        <line num="36" count="5" type="cond" truecount="1" falsecount="0"/>
        <line num="37" count="5" type="stmt"/>
        <line num="38" count="5" type="stmt"/>
        <line num="41" count="0" type="stmt"/>
        <line num="43" count="0" type="stmt"/>
        <line num="48" count="1" type="stmt"/>
        <line num="49" count="1" type="stmt"/>
        <line num="50" count="1" type="stmt"/>
        <line num="51" count="1" type="cond" truecount="1" falsecount="1"/>
        <line num="52" count="0" type="stmt"/>
        <line num="54" count="1" type="stmt"/>
        <line num="57" count="0" type="stmt"/>
        <line num="62" count="0" type="stmt"/>
        <line num="64" count="0" type="stmt"/>
        <line num="65" count="0" type="stmt"/>
        <line num="66" count="0" type="cond" truecount="0" falsecount="1"/>
        <line num="67" count="0" type="stmt"/>
        <line num="68" count="0" type="stmt"/>
        <line num="71" count="0" type="stmt"/>
        <line num="72" count="0" type="stmt"/>
        <line num="74" count="0" type="stmt"/>
        <line num="79" count="0" type="stmt"/>
        <line num="80" count="0" type="stmt"/>
        <line num="81" count="0" type="stmt"/>
        <line num="82" count="0" type="stmt"/>
        <line num="84" count="0" type="stmt"/>
        <line num="91" count="3" type="stmt"/>
      </file>
      <file name="comment.controller.ts" path="C:\Users\bilan\MovieTalk\MovieTalk-Backend\src\controllers\comment.controller.ts">
        <metrics statements="8" coveredstatements="4" conditionals="0" coveredconditionals="0" methods="2" coveredmethods="1"/>
        <line num="1" count="3" type="stmt"/>
        <line num="3" count="3" type="stmt"/>
        <line num="7" count="3" type="stmt"/>
        <line num="11" count="0" type="stmt"/>
        <line num="12" count="0" type="stmt"/>
        <line num="16" count="0" type="stmt"/>
        <line num="17" count="0" type="stmt"/>
        <line num="22" count="3" type="stmt"/>
      </file>
      <file name="post.controller.ts" path="C:\Users\bilan\MovieTalk\MovieTalk-Backend\src\controllers\post.controller.ts">
        <metrics statements="8" coveredstatements="8" conditionals="0" coveredconditionals="0" methods="2" coveredmethods="2"/>
        <line num="1" count="3" type="stmt"/>
        <line num="3" count="3" type="stmt"/>
        <line num="7" count="3" type="stmt"/>
        <line num="11" count="1" type="stmt"/>
        <line num="12" count="1" type="stmt"/>
        <line num="16" count="1" type="stmt"/>
        <line num="17" count="1" type="stmt"/>
        <line num="22" count="3" type="stmt"/>
      </file>
    </package>
    <package name="src.middleware">
      <metrics statements="16" coveredstatements="16" conditionals="4" coveredconditionals="4" methods="1" coveredmethods="1"/>
      <file name="auth.middleware.ts" path="C:\Users\bilan\MovieTalk\MovieTalk-Backend\src\middleware\auth.middleware.ts">
        <metrics statements="16" coveredstatements="16" conditionals="4" coveredconditionals="4" methods="1" coveredmethods="1"/>
        <line num="2" count="3" type="stmt"/>
        <line num="8" count="3" type="stmt"/>
        <line num="9" count="7" type="stmt"/>
        <line num="10" count="7" type="cond" truecount="2" falsecount="0"/>
        <line num="12" count="7" type="cond" truecount="1" falsecount="0"/>
        <line num="13" count="2" type="stmt"/>
        <line num="14" count="2" type="stmt"/>
        <line num="17" count="5" type="cond" truecount="1" falsecount="0"/>
        <line num="18" count="2" type="stmt"/>
        <line num="19" count="2" type="stmt"/>
        <line num="22" count="3" type="stmt"/>
        <line num="23" count="3" type="stmt"/>
        <line num="24" count="1" type="stmt"/>
        <line num="25" count="1" type="stmt"/>
        <line num="27" count="2" type="stmt"/>
        <line num="28" count="2" type="stmt"/>
      </file>
    </package>
    <package name="src.models">
      <metrics statements="12" coveredstatements="12" conditionals="0" coveredconditionals="0" methods="0" coveredmethods="0"/>
      <file name="Comment.model.ts" path="C:\Users\bilan\MovieTalk\MovieTalk-Backend\src\models\Comment.model.ts">
        <metrics statements="4" coveredstatements="4" conditionals="0" coveredconditionals="0" methods="0" coveredmethods="0"/>
        <line num="1" count="3" type="stmt"/>
        <line num="9" count="3" type="stmt"/>
        <line num="15" count="3" type="stmt"/>
        <line num="17" count="3" type="stmt"/>
      </file>
      <file name="Post.model.ts" path="C:\Users\bilan\MovieTalk\MovieTalk-Backend\src\models\Post.model.ts">
        <metrics statements="4" coveredstatements="4" conditionals="0" coveredconditionals="0" methods="0" coveredmethods="0"/>
        <line num="1" count="3" type="stmt"/>
        <line num="9" count="3" type="stmt"/>
        <line num="15" count="3" type="stmt"/>
        <line num="16" count="3" type="stmt"/>
      </file>
      <file name="User.model.ts" path="C:\Users\bilan\MovieTalk\MovieTalk-Backend\src\models\User.model.ts">
        <metrics statements="4" coveredstatements="4" conditionals="0" coveredconditionals="0" methods="0" coveredmethods="0"/>
        <line num="1" count="3" type="stmt"/>
        <line num="10" count="3" type="stmt"/>
        <line num="16" count="3" type="stmt"/>
        <line num="17" count="3" type="stmt"/>
      </file>
    </package>
    <package name="src.routes">
      <metrics statements="29" coveredstatements="29" conditionals="0" coveredconditionals="0" methods="0" coveredmethods="0"/>
      <file name="auth.route.ts" path="C:\Users\bilan\MovieTalk\MovieTalk-Backend\src\routes\auth.route.ts">
        <metrics statements="8" coveredstatements="8" conditionals="0" coveredconditionals="0" methods="0" coveredmethods="0"/>
        <line num="1" count="3" type="stmt"/>
        <line num="2" count="3" type="stmt"/>
        <line num="4" count="3" type="stmt"/>
        <line num="64" count="3" type="stmt"/>
        <line num="101" count="3" type="stmt"/>
        <line num="128" count="3" type="stmt"/>
        <line num="160" count="3" type="stmt"/>
        <line num="162" count="3" type="stmt"/>
      </file>
      <file name="comment.route.ts" path="C:\Users\bilan\MovieTalk\MovieTalk-Backend\src\routes\comment.route.ts">
        <metrics statements="11" coveredstatements="11" conditionals="0" coveredconditionals="0" methods="0" coveredmethods="0"/>
        <line num="1" count="3" type="stmt"/>
        <line num="2" count="3" type="stmt"/>
        <line num="3" count="3" type="stmt"/>
        <line num="5" count="3" type="stmt"/>
        <line num="80" count="3" type="stmt"/>
        <line num="108" count="3" type="stmt"/>
        <line num="136" count="3" type="stmt"/>
        <line num="164" count="3" type="stmt"/>
        <line num="206" count="3" type="stmt"/>
        <line num="230" count="3" type="stmt"/>
        <line num="232" count="3" type="stmt"/>
      </file>
      <file name="post.route.ts" path="C:\Users\bilan\MovieTalk\MovieTalk-Backend\src\routes\post.route.ts">
        <metrics statements="10" coveredstatements="10" conditionals="0" coveredconditionals="0" methods="0" coveredmethods="0"/>
        <line num="1" count="3" type="stmt"/>
        <line num="2" count="3" type="stmt"/>
        <line num="3" count="3" type="stmt"/>
        <line num="5" count="3" type="stmt"/>
        <line num="84" count="3" type="stmt"/>
        <line num="112" count="3" type="stmt"/>
        <line num="140" count="3" type="stmt"/>
        <line num="186" count="3" type="stmt"/>
        <line num="210" count="3" type="stmt"/>
        <line num="212" count="3" type="stmt"/>
      </file>
    </package>
  </project>
</coverage>
