{"C:\\Users\\bilan\\MovieTalk\\MovieTalk-Backend\\src\\app.ts": {"path":"C:\\Users\\bilan\\MovieTalk\\MovieTalk-Backend\\src\\app.ts","statementMap":{"0":{"start":{"line":1,"column":0},"end":{"line":1,"column":43}},"1":{"start":{"line":2,"column":12},"end":{"line":2,"column":21}},"2":{"start":{"line":3,"column":0},"end":{"line":3,"column":28}},"3":{"start":{"line":4,"column":0},"end":{"line":4,"column":16}},"4":{"start":{"line":5,"column":0},"end":{"line":5,"column":32}},"5":{"start":{"line":6,"column":0},"end":{"line":6,"column":44}},"6":{"start":{"line":7,"column":0},"end":{"line":7,"column":50}},"7":{"start":{"line":8,"column":0},"end":{"line":8,"column":44}},"8":{"start":{"line":9,"column":0},"end":{"line":9,"column":41}},"9":{"start":{"line":10,"column":0},"end":{"line":10,"column":43}},"10":{"start":{"line":13,"column":0},"end":{"line":13,"column":24}},"11":{"start":{"line":14,"column":0},"end":{"line":14,"column":48}},"12":{"start":{"line":16,"column":0},"end":{"line":21,"column":3}},"13":{"start":{"line":17,"column":2},"end":{"line":17,"column":49}},"14":{"start":{"line":18,"column":2},"end":{"line":18,"column":50}},"15":{"start":{"line":19,"column":2},"end":{"line":19,"column":50}},"16":{"start":{"line":20,"column":2},"end":{"line":20,"column":9}},"17":{"start":{"line":24,"column":0},"end":{"line":26,"column":3}},"18":{"start":{"line":25,"column":2},"end":{"line":25,"column":51}},"19":{"start":{"line":27,"column":0},"end":{"line":27,"column":29}},"20":{"start":{"line":28,"column":0},"end":{"line":28,"column":35}},"21":{"start":{"line":29,"column":0},"end":{"line":29,"column":28}},"22":{"start":{"line":32,"column":16},"end":{"line":43,"column":2}},"23":{"start":{"line":44,"column":14},"end":{"line":44,"column":35}},"24":{"start":{"line":45,"column":0},"end":{"line":45,"column":62}},"25":{"start":{"line":48,"column":16},"end":{"line":65,"column":1}},"26":{"start":{"line":49,"column":2},"end":{"line":64,"column":5}},"27":{"start":{"line":50,"column":15},"end":{"line":50,"column":34}},"28":{"start":{"line":51,"column":4},"end":{"line":51,"column":68}},"29":{"start":{"line":52,"column":4},"end":{"line":54,"column":7}},"30":{"start":{"line":53,"column":6},"end":{"line":53,"column":44}},"31":{"start":{"line":56,"column":4},"end":{"line":63,"column":5}},"32":{"start":{"line":57,"column":6},"end":{"line":57,"column":38}},"33":{"start":{"line":59,"column":6},"end":{"line":62,"column":37}},"34":{"start":{"line":61,"column":20},"end":{"line":61,"column":32}},"35":{"start":{"line":62,"column":24},"end":{"line":62,"column":35}},"36":{"start":{"line":67,"column":0},"end":{"line":67,"column":23}}},"fnMap":{"0":{"name":"(anonymous_1)","decl":{"start":{"line":16,"column":8},"end":{"line":16,"column":9}},"loc":{"start":{"line":16,"column":27},"end":{"line":21,"column":1}}},"1":{"name":"(anonymous_2)","decl":{"start":{"line":24,"column":13},"end":{"line":24,"column":14}},"loc":{"start":{"line":24,"column":26},"end":{"line":26,"column":1}}},"2":{"name":"(anonymous_3)","decl":{"start":{"line":48,"column":16},"end":{"line":48,"column":37}},"loc":{"start":{"line":48,"column":39},"end":{"line":65,"column":1}}},"3":{"name":"(anonymous_4)","decl":{"start":{"line":49,"column":21},"end":{"line":49,"column":22}},"loc":{"start":{"line":49,"column":41},"end":{"line":64,"column":3}}},"4":{"name":"(anonymous_5)","decl":{"start":{"line":52,"column":20},"end":{"line":52,"column":23}},"loc":{"start":{"line":52,"column":25},"end":{"line":54,"column":5}}},"5":{"name":"(anonymous_6)","decl":{"start":{"line":61,"column":14},"end":{"line":61,"column":17}},"loc":{"start":{"line":61,"column":20},"end":{"line":61,"column":32}}},"6":{"name":"(anonymous_7)","decl":{"start":{"line":62,"column":15},"end":{"line":62,"column":16}},"loc":{"start":{"line":62,"column":24},"end":{"line":62,"column":35}}}},"branchMap":{"0":{"loc":{"start":{"line":56,"column":4},"end":{"line":63,"column":5}},"type":"if","locations":[{"start":{"line":56,"column":4},"end":{"line":63,"column":5}},{"start":{"line":58,"column":11},"end":{"line":63,"column":5}}]}},"s":{"0":3,"1":3,"2":3,"3":3,"4":3,"5":3,"6":3,"7":3,"8":3,"9":3,"10":3,"11":3,"12":3,"13":69,"14":69,"15":69,"16":69,"17":3,"18":0,"19":3,"20":3,"21":3,"22":3,"23":3,"24":3,"25":3,"26":3,"27":3,"28":3,"29":3,"30":3,"31":3,"32":0,"33":3,"34":3,"35":0,"36":3},"f":{"0":69,"1":0,"2":3,"3":3,"4":3,"5":3,"6":0},"b":{"0":[0,3]}}
,"C:\\Users\\bilan\\MovieTalk\\MovieTalk-Backend\\src\\controllers\\auth.controller.ts": {"path":"C:\\Users\\bilan\\MovieTalk\\MovieTalk-Backend\\src\\controllers\\auth.controller.ts","statementMap":{"0":{"start":{"line":2,"column":0},"end":{"line":2,"column":45}},"1":{"start":{"line":3,"column":0},"end":{"line":3,"column":28}},"2":{"start":{"line":4,"column":0},"end":{"line":4,"column":48}},"3":{"start":{"line":10,"column":17},"end":{"line":28,"column":2}},"4":{"start":{"line":10,"column":55},"end":{"line":28,"column":2}},"5":{"start":{"line":11,"column":18},"end":{"line":11,"column":32}},"6":{"start":{"line":12,"column":21},"end":{"line":12,"column":38}},"7":{"start":{"line":13,"column":4},"end":{"line":16,"column":5}},"8":{"start":{"line":14,"column":8},"end":{"line":14,"column":58}},"9":{"start":{"line":15,"column":8},"end":{"line":15,"column":15}},"10":{"start":{"line":17,"column":4},"end":{"line":27,"column":5}},"11":{"start":{"line":18,"column":21},"end":{"line":18,"column":45}},"12":{"start":{"line":19,"column":31},"end":{"line":19,"column":64}},"13":{"start":{"line":20,"column":21},"end":{"line":23,"column":10}},"14":{"start":{"line":24,"column":8},"end":{"line":24,"column":35}},"15":{"start":{"line":26,"column":8},"end":{"line":26,"column":36}},"16":{"start":{"line":30,"column":23},"end":{"line":60,"column":1}},"17":{"start":{"line":31,"column":17},"end":{"line":31,"column":52}},"18":{"start":{"line":33,"column":2},"end":{"line":37,"column":5}},"19":{"start":{"line":39,"column":17},"end":{"line":39,"column":41}},"20":{"start":{"line":40,"column":27},"end":{"line":40,"column":55}},"21":{"start":{"line":41,"column":28},"end":{"line":41,"column":64}},"22":{"start":{"line":43,"column":2},"end":{"line":45,"column":3}},"23":{"start":{"line":44,"column":4},"end":{"line":44,"column":75}},"24":{"start":{"line":47,"column":22},"end":{"line":50,"column":null}},"25":{"start":{"line":53,"column":23},"end":{"line":56,"column":null}},"26":{"start":{"line":59,"column":2},"end":{"line":59,"column":39}},"27":{"start":{"line":63,"column":14},"end":{"line":114,"column":2}},"28":{"start":{"line":63,"column":52},"end":{"line":114,"column":2}},"29":{"start":{"line":64,"column":3},"end":{"line":64,"column":40}},"30":{"start":{"line":65,"column":18},"end":{"line":65,"column":32}},"31":{"start":{"line":66,"column":21},"end":{"line":66,"column":38}},"32":{"start":{"line":67,"column":4},"end":{"line":67,"column":56}},"33":{"start":{"line":69,"column":4},"end":{"line":72,"column":5}},"34":{"start":{"line":70,"column":8},"end":{"line":70,"column":56}},"35":{"start":{"line":71,"column":8},"end":{"line":71,"column":15}},"36":{"start":{"line":73,"column":4},"end":{"line":113,"column":5}},"37":{"start":{"line":74,"column":21},"end":{"line":74,"column":62}},"38":{"start":{"line":75,"column":8},"end":{"line":75,"column":41}},"39":{"start":{"line":76,"column":8},"end":{"line":79,"column":9}},"40":{"start":{"line":77,"column":12},"end":{"line":77,"column":60}},"41":{"start":{"line":78,"column":12},"end":{"line":78,"column":19}},"42":{"start":{"line":80,"column":30},"end":{"line":80,"column":75}},"43":{"start":{"line":81,"column":8},"end":{"line":81,"column":54}},"44":{"start":{"line":83,"column":8},"end":{"line":86,"column":9}},"45":{"start":{"line":84,"column":12},"end":{"line":84,"column":60}},"46":{"start":{"line":85,"column":12},"end":{"line":85,"column":19}},"47":{"start":{"line":88,"column":31},"end":{"line":88,"column":50}},"48":{"start":{"line":89,"column":23},"end":{"line":89,"column":45}},"49":{"start":{"line":90,"column":8},"end":{"line":93,"column":9}},"50":{"start":{"line":91,"column":12},"end":{"line":91,"column":63}},"51":{"start":{"line":92,"column":12},"end":{"line":92,"column":19}},"52":{"start":{"line":95,"column":8},"end":{"line":97,"column":9}},"53":{"start":{"line":96,"column":12},"end":{"line":96,"column":36}},"54":{"start":{"line":99,"column":8},"end":{"line":99,"column":53}},"55":{"start":{"line":100,"column":8},"end":{"line":100,"column":26}},"56":{"start":{"line":101,"column":8},"end":{"line":101,"column":42}},"57":{"start":{"line":102,"column":8},"end":{"line":107,"column":11}},"58":{"start":{"line":109,"column":8},"end":{"line":109,"column":47}},"59":{"start":{"line":110,"column":8},"end":{"line":112,"column":9}},"60":{"start":{"line":111,"column":12},"end":{"line":111,"column":58}},"61":{"start":{"line":116,"column":15},"end":{"line":153,"column":2}},"62":{"start":{"line":116,"column":53},"end":{"line":153,"column":2}},"63":{"start":{"line":117,"column":25},"end":{"line":117,"column":46}},"64":{"start":{"line":118,"column":4},"end":{"line":121,"column":5}},"65":{"start":{"line":119,"column":8},"end":{"line":119,"column":54}},"66":{"start":{"line":120,"column":8},"end":{"line":120,"column":15}},"67":{"start":{"line":123,"column":4},"end":{"line":126,"column":5}},"68":{"start":{"line":124,"column":8},"end":{"line":124,"column":59}},"69":{"start":{"line":125,"column":8},"end":{"line":125,"column":15}},"70":{"start":{"line":127,"column":4},"end":{"line":152,"column":7}},"71":{"start":{"line":127,"column":95},"end":{"line":152,"column":6}},"72":{"start":{"line":128,"column":8},"end":{"line":131,"column":9}},"73":{"start":{"line":129,"column":12},"end":{"line":129,"column":50}},"74":{"start":{"line":130,"column":12},"end":{"line":130,"column":19}},"75":{"start":{"line":132,"column":24},"end":{"line":132,"column":44}},"76":{"start":{"line":133,"column":8},"end":{"line":151,"column":9}},"77":{"start":{"line":134,"column":25},"end":{"line":134,"column":70}},"78":{"start":{"line":135,"column":12},"end":{"line":138,"column":13}},"79":{"start":{"line":136,"column":16},"end":{"line":136,"column":54}},"80":{"start":{"line":137,"column":16},"end":{"line":137,"column":23}},"81":{"start":{"line":139,"column":12},"end":{"line":144,"column":13}},"82":{"start":{"line":140,"column":16},"end":{"line":140,"column":54}},"83":{"start":{"line":141,"column":16},"end":{"line":141,"column":40}},"84":{"start":{"line":142,"column":16},"end":{"line":142,"column":34}},"85":{"start":{"line":143,"column":16},"end":{"line":143,"column":23}},"86":{"start":{"line":145,"column":27},"end":{"line":145,"column":87}},"87":{"start":{"line":145,"column":64},"end":{"line":145,"column":86}},"88":{"start":{"line":146,"column":12},"end":{"line":146,"column":40}},"89":{"start":{"line":147,"column":12},"end":{"line":147,"column":30}},"90":{"start":{"line":148,"column":12},"end":{"line":148,"column":47}},"91":{"start":{"line":150,"column":12},"end":{"line":150,"column":40}},"92":{"start":{"line":155,"column":16},"end":{"line":206,"column":2}},"93":{"start":{"line":155,"column":54},"end":{"line":206,"column":2}},"94":{"start":{"line":156,"column":25},"end":{"line":156,"column":46}},"95":{"start":{"line":157,"column":4},"end":{"line":160,"column":5}},"96":{"start":{"line":158,"column":8},"end":{"line":158,"column":46}},"97":{"start":{"line":159,"column":8},"end":{"line":159,"column":15}},"98":{"start":{"line":161,"column":4},"end":{"line":164,"column":5}},"99":{"start":{"line":162,"column":8},"end":{"line":162,"column":59}},"100":{"start":{"line":163,"column":8},"end":{"line":163,"column":15}},"101":{"start":{"line":165,"column":4},"end":{"line":205,"column":7}},"102":{"start":{"line":165,"column":95},"end":{"line":205,"column":6}},"103":{"start":{"line":166,"column":8},"end":{"line":169,"column":9}},"104":{"start":{"line":167,"column":12},"end":{"line":167,"column":50}},"105":{"start":{"line":168,"column":12},"end":{"line":168,"column":19}},"106":{"start":{"line":171,"column":24},"end":{"line":171,"column":44}},"107":{"start":{"line":172,"column":8},"end":{"line":204,"column":9}},"108":{"start":{"line":173,"column":25},"end":{"line":173,"column":70}},"109":{"start":{"line":174,"column":12},"end":{"line":177,"column":13}},"110":{"start":{"line":175,"column":16},"end":{"line":175,"column":54}},"111":{"start":{"line":176,"column":16},"end":{"line":176,"column":23}},"112":{"start":{"line":179,"column":12},"end":{"line":184,"column":13}},"113":{"start":{"line":180,"column":16},"end":{"line":180,"column":40}},"114":{"start":{"line":181,"column":16},"end":{"line":181,"column":34}},"115":{"start":{"line":182,"column":16},"end":{"line":182,"column":54}},"116":{"start":{"line":183,"column":16},"end":{"line":183,"column":23}},"117":{"start":{"line":186,"column":30},"end":{"line":186,"column":65}},"118":{"start":{"line":187,"column":12},"end":{"line":192,"column":13}},"119":{"start":{"line":188,"column":16},"end":{"line":188,"column":40}},"120":{"start":{"line":189,"column":16},"end":{"line":189,"column":34}},"121":{"start":{"line":190,"column":16},"end":{"line":190,"column":67}},"122":{"start":{"line":191,"column":16},"end":{"line":191,"column":23}},"123":{"start":{"line":194,"column":12},"end":{"line":194,"column":94}},"124":{"start":{"line":194,"column":70},"end":{"line":194,"column":92}},"125":{"start":{"line":195,"column":12},"end":{"line":195,"column":60}},"126":{"start":{"line":196,"column":12},"end":{"line":196,"column":30}},"127":{"start":{"line":198,"column":12},"end":{"line":201,"column":15}},"128":{"start":{"line":203,"column":12},"end":{"line":203,"column":40}},"129":{"start":{"line":231,"column":0},"end":{"line":231,"column":52}}},"fnMap":{"0":{"name":"(anonymous_8)","decl":{"start":{"line":10,"column":17},"end":{"line":10,"column":24}},"loc":{"start":{"line":10,"column":55},"end":{"line":28,"column":2}}},"1":{"name":"(anonymous_9)","decl":{"start":{"line":10,"column":55},"end":{"line":10,"column":null}},"loc":{"start":{"line":10,"column":55},"end":{"line":28,"column":1}}},"2":{"name":"(anonymous_10)","decl":{"start":{"line":30,"column":23},"end":{"line":30,"column":24}},"loc":{"start":{"line":30,"column":86},"end":{"line":60,"column":1}}},"3":{"name":"(anonymous_11)","decl":{"start":{"line":63,"column":14},"end":{"line":63,"column":21}},"loc":{"start":{"line":63,"column":52},"end":{"line":114,"column":2}}},"4":{"name":"(anonymous_12)","decl":{"start":{"line":63,"column":52},"end":{"line":63,"column":null}},"loc":{"start":{"line":63,"column":52},"end":{"line":114,"column":1}}},"5":{"name":"(anonymous_13)","decl":{"start":{"line":116,"column":15},"end":{"line":116,"column":22}},"loc":{"start":{"line":116,"column":53},"end":{"line":153,"column":2}}},"6":{"name":"(anonymous_14)","decl":{"start":{"line":116,"column":53},"end":{"line":116,"column":null}},"loc":{"start":{"line":116,"column":53},"end":{"line":153,"column":1}}},"7":{"name":"(anonymous_15)","decl":{"start":{"line":127,"column":55},"end":{"line":127,"column":62}},"loc":{"start":{"line":127,"column":95},"end":{"line":152,"column":6}}},"8":{"name":"(anonymous_16)","decl":{"start":{"line":127,"column":95},"end":{"line":127,"column":null}},"loc":{"start":{"line":127,"column":95},"end":{"line":152,"column":5}}},"9":{"name":"(anonymous_17)","decl":{"start":{"line":145,"column":53},"end":{"line":145,"column":54}},"loc":{"start":{"line":145,"column":64},"end":{"line":145,"column":86}}},"10":{"name":"(anonymous_18)","decl":{"start":{"line":155,"column":16},"end":{"line":155,"column":23}},"loc":{"start":{"line":155,"column":54},"end":{"line":206,"column":2}}},"11":{"name":"(anonymous_19)","decl":{"start":{"line":155,"column":54},"end":{"line":155,"column":null}},"loc":{"start":{"line":155,"column":54},"end":{"line":206,"column":1}}},"12":{"name":"(anonymous_20)","decl":{"start":{"line":165,"column":55},"end":{"line":165,"column":62}},"loc":{"start":{"line":165,"column":95},"end":{"line":205,"column":6}}},"13":{"name":"(anonymous_21)","decl":{"start":{"line":165,"column":95},"end":{"line":165,"column":null}},"loc":{"start":{"line":165,"column":95},"end":{"line":205,"column":5}}},"14":{"name":"(anonymous_22)","decl":{"start":{"line":194,"column":59},"end":{"line":194,"column":60}},"loc":{"start":{"line":194,"column":70},"end":{"line":194,"column":92}}}},"branchMap":{"0":{"loc":{"start":{"line":13,"column":4},"end":{"line":16,"column":5}},"type":"if","locations":[{"start":{"line":13,"column":4},"end":{"line":16,"column":5}}]},"1":{"loc":{"start":{"line":13,"column":8},"end":{"line":13,"column":27}},"type":"binary-expr","locations":[{"start":{"line":13,"column":8},"end":{"line":13,"column":14}},{"start":{"line":13,"column":18},"end":{"line":13,"column":27}}]},"2":{"loc":{"start":{"line":43,"column":2},"end":{"line":45,"column":3}},"type":"if","locations":[{"start":{"line":43,"column":2},"end":{"line":45,"column":3}}]},"3":{"loc":{"start":{"line":43,"column":6},"end":{"line":43,"column":56}},"type":"binary-expr","locations":[{"start":{"line":43,"column":6},"end":{"line":43,"column":13}},{"start":{"line":43,"column":17},"end":{"line":43,"column":34}},{"start":{"line":43,"column":38},"end":{"line":43,"column":56}}]},"4":{"loc":{"start":{"line":69,"column":4},"end":{"line":72,"column":5}},"type":"if","locations":[{"start":{"line":69,"column":4},"end":{"line":72,"column":5}}]},"5":{"loc":{"start":{"line":69,"column":8},"end":{"line":69,"column":27}},"type":"binary-expr","locations":[{"start":{"line":69,"column":8},"end":{"line":69,"column":14}},{"start":{"line":69,"column":18},"end":{"line":69,"column":27}}]},"6":{"loc":{"start":{"line":76,"column":8},"end":{"line":79,"column":9}},"type":"if","locations":[{"start":{"line":76,"column":8},"end":{"line":79,"column":9}}]},"7":{"loc":{"start":{"line":83,"column":8},"end":{"line":86,"column":9}},"type":"if","locations":[{"start":{"line":83,"column":8},"end":{"line":86,"column":9}}]},"8":{"loc":{"start":{"line":90,"column":8},"end":{"line":93,"column":9}},"type":"if","locations":[{"start":{"line":90,"column":8},"end":{"line":93,"column":9}}]},"9":{"loc":{"start":{"line":95,"column":8},"end":{"line":97,"column":9}},"type":"if","locations":[{"start":{"line":95,"column":8},"end":{"line":97,"column":9}}]},"10":{"loc":{"start":{"line":110,"column":8},"end":{"line":112,"column":9}},"type":"if","locations":[{"start":{"line":110,"column":8},"end":{"line":112,"column":9}}]},"11":{"loc":{"start":{"line":118,"column":4},"end":{"line":121,"column":5}},"type":"if","locations":[{"start":{"line":118,"column":4},"end":{"line":121,"column":5}}]},"12":{"loc":{"start":{"line":123,"column":4},"end":{"line":126,"column":5}},"type":"if","locations":[{"start":{"line":123,"column":4},"end":{"line":126,"column":5}}]},"13":{"loc":{"start":{"line":128,"column":8},"end":{"line":131,"column":9}},"type":"if","locations":[{"start":{"line":128,"column":8},"end":{"line":131,"column":9}}]},"14":{"loc":{"start":{"line":135,"column":12},"end":{"line":138,"column":13}},"type":"if","locations":[{"start":{"line":135,"column":12},"end":{"line":138,"column":13}}]},"15":{"loc":{"start":{"line":139,"column":12},"end":{"line":144,"column":13}},"type":"if","locations":[{"start":{"line":139,"column":12},"end":{"line":144,"column":13}}]},"16":{"loc":{"start":{"line":139,"column":16},"end":{"line":139,"column":81}},"type":"binary-expr","locations":[{"start":{"line":139,"column":16},"end":{"line":139,"column":35}},{"start":{"line":139,"column":39},"end":{"line":139,"column":81}}]},"17":{"loc":{"start":{"line":157,"column":4},"end":{"line":160,"column":5}},"type":"if","locations":[{"start":{"line":157,"column":4},"end":{"line":160,"column":5}}]},"18":{"loc":{"start":{"line":161,"column":4},"end":{"line":164,"column":5}},"type":"if","locations":[{"start":{"line":161,"column":4},"end":{"line":164,"column":5}}]},"19":{"loc":{"start":{"line":166,"column":8},"end":{"line":169,"column":9}},"type":"if","locations":[{"start":{"line":166,"column":8},"end":{"line":169,"column":9}}]},"20":{"loc":{"start":{"line":174,"column":12},"end":{"line":177,"column":13}},"type":"if","locations":[{"start":{"line":174,"column":12},"end":{"line":177,"column":13}}]},"21":{"loc":{"start":{"line":179,"column":12},"end":{"line":184,"column":13}},"type":"if","locations":[{"start":{"line":179,"column":12},"end":{"line":184,"column":13}}]},"22":{"loc":{"start":{"line":179,"column":16},"end":{"line":179,"column":81}},"type":"binary-expr","locations":[{"start":{"line":179,"column":16},"end":{"line":179,"column":35}},{"start":{"line":179,"column":39},"end":{"line":179,"column":81}}]},"23":{"loc":{"start":{"line":187,"column":12},"end":{"line":192,"column":13}},"type":"if","locations":[{"start":{"line":187,"column":12},"end":{"line":192,"column":13}}]}},"s":{"0":3,"1":3,"2":3,"3":3,"4":9,"5":9,"6":9,"7":9,"8":2,"9":2,"10":7,"11":7,"12":7,"13":7,"14":5,"15":2,"16":3,"17":12,"18":12,"19":12,"20":12,"21":12,"22":12,"23":1,"24":11,"25":11,"26":11,"27":3,"28":13,"29":13,"30":13,"31":13,"32":13,"33":13,"34":2,"35":2,"36":11,"37":11,"38":11,"39":11,"40":1,"41":1,"42":10,"43":10,"44":10,"45":1,"46":1,"47":9,"48":9,"49":8,"50":0,"51":0,"52":8,"53":0,"54":8,"55":8,"56":8,"57":8,"58":1,"59":1,"60":1,"61":3,"62":5,"63":5,"64":5,"65":1,"66":1,"67":4,"68":1,"69":1,"70":3,"71":3,"72":3,"73":1,"74":1,"75":2,"76":2,"77":2,"78":2,"79":1,"80":1,"81":1,"82":0,"83":0,"84":0,"85":0,"86":1,"87":1,"88":1,"89":1,"90":1,"91":0,"92":3,"93":10,"94":10,"95":9,"96":1,"97":1,"98":8,"99":1,"100":1,"101":7,"102":7,"103":7,"104":1,"105":1,"106":6,"107":6,"108":6,"109":6,"110":1,"111":1,"112":5,"113":2,"114":2,"115":2,"116":2,"117":3,"118":3,"119":0,"120":0,"121":0,"122":0,"123":3,"124":3,"125":3,"126":3,"127":3,"128":0,"129":3},"f":{"0":9,"1":9,"2":12,"3":13,"4":13,"5":5,"6":5,"7":3,"8":3,"9":1,"10":10,"11":10,"12":7,"13":7,"14":3},"b":{"0":[2],"1":[9,8],"2":[1],"3":[12,11,11],"4":[2],"5":[13,12],"6":[1],"7":[1],"8":[0],"9":[0],"10":[1],"11":[1],"12":[1],"13":[1],"14":[1],"15":[0],"16":[1,1],"17":[1],"18":[1],"19":[1],"20":[1],"21":[2],"22":[5,5],"23":[0]}}
,"C:\\Users\\bilan\\MovieTalk\\MovieTalk-Backend\\src\\controllers\\base.controller.ts": {"path":"C:\\Users\\bilan\\MovieTalk\\MovieTalk-Backend\\src\\controllers\\base.controller.ts","statementMap":{"0":{"start":{"line":8,"column":8},"end":{"line":8,"column":27}},"1":{"start":{"line":12,"column":8},"end":{"line":17,"column":9}},"2":{"start":{"line":13,"column":25},"end":{"line":13,"column":58}},"3":{"start":{"line":14,"column":12},"end":{"line":14,"column":39}},"4":{"start":{"line":16,"column":12},"end":{"line":16,"column":40}},"5":{"start":{"line":21,"column":23},"end":{"line":21,"column":39}},"6":{"start":{"line":22,"column":23},"end":{"line":22,"column":40}},"7":{"start":{"line":23,"column":61},"end":{"line":23,"column":63}},"8":{"start":{"line":25,"column":8},"end":{"line":44,"column":9}},"9":{"start":{"line":26,"column":12},"end":{"line":28,"column":13}},"10":{"start":{"line":27,"column":16},"end":{"line":27,"column":39}},"11":{"start":{"line":30,"column":12},"end":{"line":32,"column":13}},"12":{"start":{"line":31,"column":16},"end":{"line":31,"column":39}},"13":{"start":{"line":34,"column":25},"end":{"line":34,"column":92}},"14":{"start":{"line":36,"column":12},"end":{"line":39,"column":13}},"15":{"start":{"line":37,"column":16},"end":{"line":37,"column":41}},"16":{"start":{"line":38,"column":16},"end":{"line":38,"column":23}},"17":{"start":{"line":41,"column":12},"end":{"line":41,"column":27}},"18":{"start":{"line":43,"column":12},"end":{"line":43,"column":40}},"19":{"start":{"line":48,"column":19},"end":{"line":48,"column":32}},"20":{"start":{"line":49,"column":8},"end":{"line":58,"column":9}},"21":{"start":{"line":50,"column":25},"end":{"line":50,"column":54}},"22":{"start":{"line":51,"column":12},"end":{"line":55,"column":13}},"23":{"start":{"line":52,"column":16},"end":{"line":52,"column":31}},"24":{"start":{"line":54,"column":16},"end":{"line":54,"column":53}},"25":{"start":{"line":57,"column":12},"end":{"line":57,"column":40}},"26":{"start":{"line":62,"column":19},"end":{"line":62,"column":32}},"27":{"start":{"line":64,"column":8},"end":{"line":75,"column":9}},"28":{"start":{"line":65,"column":25},"end":{"line":65,"column":54}},"29":{"start":{"line":66,"column":12},"end":{"line":69,"column":13}},"30":{"start":{"line":67,"column":16},"end":{"line":67,"column":55}},"31":{"start":{"line":68,"column":16},"end":{"line":68,"column":23}},"32":{"start":{"line":71,"column":32},"end":{"line":71,"column":95}},"33":{"start":{"line":72,"column":12},"end":{"line":72,"column":46}},"34":{"start":{"line":74,"column":12},"end":{"line":74,"column":40}},"35":{"start":{"line":79,"column":19},"end":{"line":79,"column":32}},"36":{"start":{"line":80,"column":8},"end":{"line":85,"column":9}},"37":{"start":{"line":81,"column":12},"end":{"line":81,"column":51}},"38":{"start":{"line":82,"column":12},"end":{"line":82,"column":49}},"39":{"start":{"line":84,"column":12},"end":{"line":84,"column":40}},"40":{"start":{"line":91,"column":0},"end":{"line":91,"column":30}}},"fnMap":{"0":{"name":"(anonymous_7)","decl":{"start":{"line":7,"column":4},"end":{"line":7,"column":16}},"loc":{"start":{"line":7,"column":31},"end":{"line":9,"column":5}}},"1":{"name":"(anonymous_8)","decl":{"start":{"line":11,"column":10},"end":{"line":11,"column":20}},"loc":{"start":{"line":11,"column":48},"end":{"line":18,"column":null}}},"2":{"name":"(anonymous_10)","decl":{"start":{"line":20,"column":10},"end":{"line":20,"column":16}},"loc":{"start":{"line":20,"column":44},"end":{"line":45,"column":null}}},"3":{"name":"(anonymous_12)","decl":{"start":{"line":47,"column":10},"end":{"line":47,"column":17}},"loc":{"start":{"line":47,"column":45},"end":{"line":59,"column":null}}},"4":{"name":"(anonymous_14)","decl":{"start":{"line":61,"column":10},"end":{"line":61,"column":20}},"loc":{"start":{"line":61,"column":48},"end":{"line":76,"column":null}}},"5":{"name":"(anonymous_16)","decl":{"start":{"line":78,"column":10},"end":{"line":78,"column":20}},"loc":{"start":{"line":78,"column":48},"end":{"line":86,"column":null}}}},"branchMap":{"0":{"loc":{"start":{"line":26,"column":12},"end":{"line":28,"column":13}},"type":"if","locations":[{"start":{"line":26,"column":12},"end":{"line":28,"column":13}}]},"1":{"loc":{"start":{"line":30,"column":12},"end":{"line":32,"column":13}},"type":"if","locations":[{"start":{"line":30,"column":12},"end":{"line":32,"column":13}}]},"2":{"loc":{"start":{"line":34,"column":47},"end":{"line":34,"column":91}},"type":"cond-expr","locations":[{"start":{"line":34,"column":80},"end":{"line":34,"column":86}},{"start":{"line":34,"column":89},"end":{"line":34,"column":91}}]},"3":{"loc":{"start":{"line":36,"column":12},"end":{"line":39,"column":13}},"type":"if","locations":[{"start":{"line":36,"column":12},"end":{"line":39,"column":13}}]},"4":{"loc":{"start":{"line":51,"column":12},"end":{"line":55,"column":13}},"type":"if","locations":[{"start":{"line":51,"column":12},"end":{"line":55,"column":13}},{"start":{"line":53,"column":19},"end":{"line":55,"column":13}}]},"5":{"loc":{"start":{"line":66,"column":12},"end":{"line":69,"column":13}},"type":"if","locations":[{"start":{"line":66,"column":12},"end":{"line":69,"column":13}}]}},"s":{"0":6,"1":5,"2":5,"3":4,"4":1,"5":9,"6":9,"7":9,"8":9,"9":9,"10":4,"11":9,"12":1,"13":9,"14":9,"15":4,"16":4,"17":5,"18":0,"19":7,"20":7,"21":7,"22":6,"23":2,"24":4,"25":1,"26":3,"27":3,"28":3,"29":3,"30":1,"31":1,"32":2,"33":2,"34":0,"35":4,"36":4,"37":4,"38":2,"39":2,"40":3},"f":{"0":6,"1":5,"2":9,"3":7,"4":3,"5":4},"b":{"0":[4],"1":[1],"2":[5,4],"3":[4],"4":[2,4],"5":[1]}}
,"C:\\Users\\bilan\\MovieTalk\\MovieTalk-Backend\\src\\controllers\\comment.controller.ts": {"path":"C:\\Users\\bilan\\MovieTalk\\MovieTalk-Backend\\src\\controllers\\comment.controller.ts","statementMap":{"0":{"start":{"line":1,"column":0},"end":{"line":1,"column":62}},"1":{"start":{"line":3,"column":0},"end":{"line":3,"column":48}},"2":{"start":{"line":7,"column":8},"end":{"line":7,"column":28}},"3":{"start":{"line":11,"column":25},"end":{"line":11,"column":45}},"4":{"start":{"line":12,"column":25},"end":{"line":14,"column":null}},"5":{"start":{"line":16,"column":12},"end":{"line":16,"column":31}},"6":{"start":{"line":17,"column":12},"end":{"line":17,"column":46}},"7":{"start":{"line":22,"column":0},"end":{"line":22,"column":39}}},"fnMap":{"0":{"name":"(anonymous_8)","decl":{"start":{"line":6,"column":4},"end":{"line":6,"column":null}},"loc":{"start":{"line":6,"column":4},"end":{"line":8,"column":5}}},"1":{"name":"(anonymous_9)","decl":{"start":{"line":10,"column":12},"end":{"line":10,"column":22}},"loc":{"start":{"line":10,"column":50},"end":{"line":18,"column":null}}}},"branchMap":{},"s":{"0":3,"1":3,"2":3,"3":2,"4":2,"5":2,"6":2,"7":3},"f":{"0":3,"1":2},"b":{}}
,"C:\\Users\\bilan\\MovieTalk\\MovieTalk-Backend\\src\\controllers\\post.controller.ts": {"path":"C:\\Users\\bilan\\MovieTalk\\MovieTalk-Backend\\src\\controllers\\post.controller.ts","statementMap":{"0":{"start":{"line":1,"column":0},"end":{"line":1,"column":53}},"1":{"start":{"line":3,"column":0},"end":{"line":3,"column":47}},"2":{"start":{"line":7,"column":8},"end":{"line":7,"column":25}},"3":{"start":{"line":11,"column":21},"end":{"line":11,"column":41}},"4":{"start":{"line":12,"column":18},"end":{"line":14,"column":null}},"5":{"start":{"line":16,"column":8},"end":{"line":16,"column":24}},"6":{"start":{"line":17,"column":8},"end":{"line":17,"column":42}},"7":{"start":{"line":22,"column":0},"end":{"line":22,"column":36}}},"fnMap":{"0":{"name":"(anonymous_8)","decl":{"start":{"line":6,"column":4},"end":{"line":6,"column":null}},"loc":{"start":{"line":6,"column":4},"end":{"line":8,"column":5}}},"1":{"name":"(anonymous_9)","decl":{"start":{"line":10,"column":10},"end":{"line":10,"column":20}},"loc":{"start":{"line":10,"column":48},"end":{"line":18,"column":null}}}},"branchMap":{},"s":{"0":3,"1":3,"2":3,"3":3,"4":3,"5":3,"6":3,"7":3},"f":{"0":3,"1":3},"b":{}}
,"C:\\Users\\bilan\\MovieTalk\\MovieTalk-Backend\\src\\middleware\\auth.middleware.js": {"path":"C:\\Users\\bilan\\MovieTalk\\MovieTalk-Backend\\src\\middleware\\auth.middleware.js","statementMap":{"0":{"start":{"line":2,"column":22},"end":{"line":4,"column":1}},"1":{"start":{"line":3,"column":4},"end":{"line":3,"column":62}},"2":{"start":{"line":5,"column":0},"end":{"line":5,"column":62}},"3":{"start":{"line":6,"column":0},"end":{"line":6,"column":32}},"4":{"start":{"line":7,"column":23},"end":{"line":7,"column":63}},"5":{"start":{"line":8,"column":23},"end":{"line":28,"column":1}},"6":{"start":{"line":9,"column":23},"end":{"line":9,"column":51}},"7":{"start":{"line":10,"column":18},"end":{"line":10,"column":56}},"8":{"start":{"line":11,"column":4},"end":{"line":14,"column":5}},"9":{"start":{"line":12,"column":8},"end":{"line":12,"column":63}},"10":{"start":{"line":13,"column":8},"end":{"line":13,"column":15}},"11":{"start":{"line":15,"column":4},"end":{"line":18,"column":5}},"12":{"start":{"line":16,"column":8},"end":{"line":16,"column":66}},"13":{"start":{"line":17,"column":8},"end":{"line":17,"column":15}},"14":{"start":{"line":19,"column":4},"end":{"line":27,"column":5}},"15":{"start":{"line":20,"column":24},"end":{"line":20,"column":86}},"16":{"start":{"line":21,"column":8},"end":{"line":21,"column":40}},"17":{"start":{"line":22,"column":8},"end":{"line":22,"column":15}},"18":{"start":{"line":25,"column":8},"end":{"line":25,"column":59}},"19":{"start":{"line":26,"column":8},"end":{"line":26,"column":15}},"20":{"start":{"line":29,"column":0},"end":{"line":29,"column":40}}},"fnMap":{"0":{"name":"(anonymous_0)","decl":{"start":{"line":2,"column":56},"end":{"line":2,"column":57}},"loc":{"start":{"line":2,"column":71},"end":{"line":4,"column":1}},"line":2},"1":{"name":"(anonymous_1)","decl":{"start":{"line":8,"column":23},"end":{"line":8,"column":24}},"loc":{"start":{"line":8,"column":43},"end":{"line":28,"column":1}},"line":8}},"branchMap":{"0":{"loc":{"start":{"line":2,"column":22},"end":{"line":4,"column":1}},"type":"binary-expr","locations":[{"start":{"line":2,"column":23},"end":{"line":2,"column":27}},{"start":{"line":2,"column":31},"end":{"line":2,"column":51}},{"start":{"line":2,"column":56},"end":{"line":4,"column":1}}],"line":2},"1":{"loc":{"start":{"line":3,"column":11},"end":{"line":3,"column":61}},"type":"cond-expr","locations":[{"start":{"line":3,"column":37},"end":{"line":3,"column":40}},{"start":{"line":3,"column":43},"end":{"line":3,"column":61}}],"line":3},"2":{"loc":{"start":{"line":3,"column":12},"end":{"line":3,"column":33}},"type":"binary-expr","locations":[{"start":{"line":3,"column":12},"end":{"line":3,"column":15}},{"start":{"line":3,"column":19},"end":{"line":3,"column":33}}],"line":3},"3":{"loc":{"start":{"line":10,"column":18},"end":{"line":10,"column":56}},"type":"binary-expr","locations":[{"start":{"line":10,"column":18},"end":{"line":10,"column":28}},{"start":{"line":10,"column":32},"end":{"line":10,"column":56}}],"line":10},"4":{"loc":{"start":{"line":11,"column":4},"end":{"line":14,"column":5}},"type":"if","locations":[{"start":{"line":11,"column":4},"end":{"line":14,"column":5}},{"start":{},"end":{}}],"line":11},"5":{"loc":{"start":{"line":15,"column":4},"end":{"line":18,"column":5}},"type":"if","locations":[{"start":{"line":15,"column":4},"end":{"line":18,"column":5}},{"start":{},"end":{}}],"line":15}},"s":{"0":3,"1":3,"2":3,"3":3,"4":3,"5":3,"6":16,"7":16,"8":16,"9":2,"10":2,"11":14,"12":0,"13":0,"14":14,"15":14,"16":12,"17":12,"18":2,"19":2,"20":3},"f":{"0":3,"1":16},"b":{"0":[3,3,3],"1":[0,3],"2":[3,3],"3":[16,14],"4":[2,14],"5":[0,14]},"inputSourceMap":null,"_coverageSchema":"1a1c01bbd47fc00a2c39e90264f33305004495a9","hash":"4a528e4d8d906c535fa8796c7f1e4c1aec5a30f5"}
,"C:\\Users\\bilan\\MovieTalk\\MovieTalk-Backend\\src\\models\\Comment.model.js": {"path":"C:\\Users\\bilan\\MovieTalk\\MovieTalk-Backend\\src\\models\\Comment.model.js","statementMap":{"0":{"start":{"line":2,"column":22},"end":{"line":4,"column":1}},"1":{"start":{"line":3,"column":4},"end":{"line":3,"column":62}},"2":{"start":{"line":5,"column":0},"end":{"line":5,"column":62}},"3":{"start":{"line":6,"column":19},"end":{"line":6,"column":55}},"4":{"start":{"line":7,"column":22},"end":{"line":11,"column":2}},"5":{"start":{"line":12,"column":21},"end":{"line":12,"column":72}},"6":{"start":{"line":13,"column":0},"end":{"line":13,"column":31}}},"fnMap":{"0":{"name":"(anonymous_0)","decl":{"start":{"line":2,"column":56},"end":{"line":2,"column":57}},"loc":{"start":{"line":2,"column":71},"end":{"line":4,"column":1}},"line":2}},"branchMap":{"0":{"loc":{"start":{"line":2,"column":22},"end":{"line":4,"column":1}},"type":"binary-expr","locations":[{"start":{"line":2,"column":23},"end":{"line":2,"column":27}},{"start":{"line":2,"column":31},"end":{"line":2,"column":51}},{"start":{"line":2,"column":56},"end":{"line":4,"column":1}}],"line":2},"1":{"loc":{"start":{"line":3,"column":11},"end":{"line":3,"column":61}},"type":"cond-expr","locations":[{"start":{"line":3,"column":37},"end":{"line":3,"column":40}},{"start":{"line":3,"column":43},"end":{"line":3,"column":61}}],"line":3},"2":{"loc":{"start":{"line":3,"column":12},"end":{"line":3,"column":33}},"type":"binary-expr","locations":[{"start":{"line":3,"column":12},"end":{"line":3,"column":15}},{"start":{"line":3,"column":19},"end":{"line":3,"column":33}}],"line":3}},"s":{"0":3,"1":3,"2":3,"3":3,"4":3,"5":3,"6":3},"f":{"0":3},"b":{"0":[3,3,3],"1":[0,3],"2":[3,3]},"inputSourceMap":null,"_coverageSchema":"1a1c01bbd47fc00a2c39e90264f33305004495a9","hash":"a1047ef3647fac18b5667924d9eecb1804e3b8c8"}
,"C:\\Users\\bilan\\MovieTalk\\MovieTalk-Backend\\src\\models\\Post.model.js": {"path":"C:\\Users\\bilan\\MovieTalk\\MovieTalk-Backend\\src\\models\\Post.model.js","statementMap":{"0":{"start":{"line":2,"column":22},"end":{"line":4,"column":1}},"1":{"start":{"line":3,"column":4},"end":{"line":3,"column":62}},"2":{"start":{"line":5,"column":0},"end":{"line":5,"column":62}},"3":{"start":{"line":6,"column":19},"end":{"line":6,"column":55}},"4":{"start":{"line":7,"column":19},"end":{"line":11,"column":2}},"5":{"start":{"line":12,"column":18},"end":{"line":12,"column":63}},"6":{"start":{"line":13,"column":0},"end":{"line":13,"column":28}}},"fnMap":{"0":{"name":"(anonymous_0)","decl":{"start":{"line":2,"column":56},"end":{"line":2,"column":57}},"loc":{"start":{"line":2,"column":71},"end":{"line":4,"column":1}},"line":2}},"branchMap":{"0":{"loc":{"start":{"line":2,"column":22},"end":{"line":4,"column":1}},"type":"binary-expr","locations":[{"start":{"line":2,"column":23},"end":{"line":2,"column":27}},{"start":{"line":2,"column":31},"end":{"line":2,"column":51}},{"start":{"line":2,"column":56},"end":{"line":4,"column":1}}],"line":2},"1":{"loc":{"start":{"line":3,"column":11},"end":{"line":3,"column":61}},"type":"cond-expr","locations":[{"start":{"line":3,"column":37},"end":{"line":3,"column":40}},{"start":{"line":3,"column":43},"end":{"line":3,"column":61}}],"line":3},"2":{"loc":{"start":{"line":3,"column":12},"end":{"line":3,"column":33}},"type":"binary-expr","locations":[{"start":{"line":3,"column":12},"end":{"line":3,"column":15}},{"start":{"line":3,"column":19},"end":{"line":3,"column":33}}],"line":3}},"s":{"0":3,"1":3,"2":3,"3":3,"4":3,"5":3,"6":3},"f":{"0":3},"b":{"0":[3,3,3],"1":[0,3],"2":[3,3]},"inputSourceMap":null,"_coverageSchema":"1a1c01bbd47fc00a2c39e90264f33305004495a9","hash":"257d8e4dec2e79a96bafd846b0bd55c982769cee"}
,"C:\\Users\\bilan\\MovieTalk\\MovieTalk-Backend\\src\\models\\User.model.js": {"path":"C:\\Users\\bilan\\MovieTalk\\MovieTalk-Backend\\src\\models\\User.model.js","statementMap":{"0":{"start":{"line":2,"column":22},"end":{"line":4,"column":1}},"1":{"start":{"line":3,"column":4},"end":{"line":3,"column":62}},"2":{"start":{"line":5,"column":0},"end":{"line":5,"column":62}},"3":{"start":{"line":6,"column":19},"end":{"line":6,"column":55}},"4":{"start":{"line":7,"column":19},"end":{"line":11,"column":2}},"5":{"start":{"line":12,"column":18},"end":{"line":12,"column":62}},"6":{"start":{"line":13,"column":0},"end":{"line":13,"column":28}}},"fnMap":{"0":{"name":"(anonymous_0)","decl":{"start":{"line":2,"column":56},"end":{"line":2,"column":57}},"loc":{"start":{"line":2,"column":71},"end":{"line":4,"column":1}},"line":2}},"branchMap":{"0":{"loc":{"start":{"line":2,"column":22},"end":{"line":4,"column":1}},"type":"binary-expr","locations":[{"start":{"line":2,"column":23},"end":{"line":2,"column":27}},{"start":{"line":2,"column":31},"end":{"line":2,"column":51}},{"start":{"line":2,"column":56},"end":{"line":4,"column":1}}],"line":2},"1":{"loc":{"start":{"line":3,"column":11},"end":{"line":3,"column":61}},"type":"cond-expr","locations":[{"start":{"line":3,"column":37},"end":{"line":3,"column":40}},{"start":{"line":3,"column":43},"end":{"line":3,"column":61}}],"line":3},"2":{"loc":{"start":{"line":3,"column":12},"end":{"line":3,"column":33}},"type":"binary-expr","locations":[{"start":{"line":3,"column":12},"end":{"line":3,"column":15}},{"start":{"line":3,"column":19},"end":{"line":3,"column":33}}],"line":3}},"s":{"0":3,"1":3,"2":3,"3":3,"4":3,"5":3,"6":3},"f":{"0":3},"b":{"0":[3,3,3],"1":[0,3],"2":[3,3]},"inputSourceMap":null,"_coverageSchema":"1a1c01bbd47fc00a2c39e90264f33305004495a9","hash":"0e8026301ce670d6ba539655ae1925e5d3b2f35c"}
,"C:\\Users\\bilan\\MovieTalk\\MovieTalk-Backend\\src\\routes\\auth.route.js": {"path":"C:\\Users\\bilan\\MovieTalk\\MovieTalk-Backend\\src\\routes\\auth.route.js","statementMap":{"0":{"start":{"line":2,"column":22},"end":{"line":4,"column":1}},"1":{"start":{"line":3,"column":4},"end":{"line":3,"column":62}},"2":{"start":{"line":5,"column":0},"end":{"line":5,"column":62}},"3":{"start":{"line":6,"column":18},"end":{"line":6,"column":53}},"4":{"start":{"line":7,"column":26},"end":{"line":7,"column":84}},"5":{"start":{"line":8,"column":15},"end":{"line":8,"column":41}},"6":{"start":{"line":64,"column":0},"end":{"line":64,"column":61}},"7":{"start":{"line":100,"column":0},"end":{"line":100,"column":55}},"8":{"start":{"line":126,"column":0},"end":{"line":126,"column":57}},"9":{"start":{"line":157,"column":0},"end":{"line":157,"column":59}},"10":{"start":{"line":158,"column":0},"end":{"line":158,"column":25}}},"fnMap":{"0":{"name":"(anonymous_0)","decl":{"start":{"line":2,"column":56},"end":{"line":2,"column":57}},"loc":{"start":{"line":2,"column":71},"end":{"line":4,"column":1}},"line":2}},"branchMap":{"0":{"loc":{"start":{"line":2,"column":22},"end":{"line":4,"column":1}},"type":"binary-expr","locations":[{"start":{"line":2,"column":23},"end":{"line":2,"column":27}},{"start":{"line":2,"column":31},"end":{"line":2,"column":51}},{"start":{"line":2,"column":56},"end":{"line":4,"column":1}}],"line":2},"1":{"loc":{"start":{"line":3,"column":11},"end":{"line":3,"column":61}},"type":"cond-expr","locations":[{"start":{"line":3,"column":37},"end":{"line":3,"column":40}},{"start":{"line":3,"column":43},"end":{"line":3,"column":61}}],"line":3},"2":{"loc":{"start":{"line":3,"column":12},"end":{"line":3,"column":33}},"type":"binary-expr","locations":[{"start":{"line":3,"column":12},"end":{"line":3,"column":15}},{"start":{"line":3,"column":19},"end":{"line":3,"column":33}}],"line":3}},"s":{"0":3,"1":6,"2":3,"3":3,"4":3,"5":3,"6":3,"7":3,"8":3,"9":3,"10":3},"f":{"0":6},"b":{"0":[3,3,3],"1":[3,3],"2":[6,6]},"inputSourceMap":null,"_coverageSchema":"1a1c01bbd47fc00a2c39e90264f33305004495a9","hash":"e734a3124145e9090e1888cb2c35afa51bc7fb86"}
,"C:\\Users\\bilan\\MovieTalk\\MovieTalk-Backend\\src\\routes\\comment.route.js": {"path":"C:\\Users\\bilan\\MovieTalk\\MovieTalk-Backend\\src\\routes\\comment.route.js","statementMap":{"0":{"start":{"line":2,"column":22},"end":{"line":4,"column":1}},"1":{"start":{"line":3,"column":4},"end":{"line":3,"column":62}},"2":{"start":{"line":5,"column":0},"end":{"line":5,"column":62}},"3":{"start":{"line":6,"column":18},"end":{"line":6,"column":53}},"4":{"start":{"line":7,"column":29},"end":{"line":7,"column":90}},"5":{"start":{"line":8,"column":26},"end":{"line":8,"column":66}},"6":{"start":{"line":9,"column":15},"end":{"line":9,"column":41}},"7":{"start":{"line":80,"column":0},"end":{"line":80,"column":127}},"8":{"start":{"line":107,"column":0},"end":{"line":107,"column":88}},"9":{"start":{"line":134,"column":0},"end":{"line":134,"column":101}},"10":{"start":{"line":161,"column":0},"end":{"line":161,"column":92}},"11":{"start":{"line":202,"column":0},"end":{"line":202,"column":129}},"12":{"start":{"line":225,"column":0},"end":{"line":225,"column":132}},"13":{"start":{"line":226,"column":0},"end":{"line":226,"column":25}}},"fnMap":{"0":{"name":"(anonymous_0)","decl":{"start":{"line":2,"column":56},"end":{"line":2,"column":57}},"loc":{"start":{"line":2,"column":71},"end":{"line":4,"column":1}},"line":2}},"branchMap":{"0":{"loc":{"start":{"line":2,"column":22},"end":{"line":4,"column":1}},"type":"binary-expr","locations":[{"start":{"line":2,"column":23},"end":{"line":2,"column":27}},{"start":{"line":2,"column":31},"end":{"line":2,"column":51}},{"start":{"line":2,"column":56},"end":{"line":4,"column":1}}],"line":2},"1":{"loc":{"start":{"line":3,"column":11},"end":{"line":3,"column":61}},"type":"cond-expr","locations":[{"start":{"line":3,"column":37},"end":{"line":3,"column":40}},{"start":{"line":3,"column":43},"end":{"line":3,"column":61}}],"line":3},"2":{"loc":{"start":{"line":3,"column":12},"end":{"line":3,"column":33}},"type":"binary-expr","locations":[{"start":{"line":3,"column":12},"end":{"line":3,"column":15}},{"start":{"line":3,"column":19},"end":{"line":3,"column":33}}],"line":3}},"s":{"0":3,"1":6,"2":3,"3":3,"4":3,"5":3,"6":3,"7":3,"8":3,"9":3,"10":3,"11":3,"12":3,"13":3},"f":{"0":6},"b":{"0":[3,3,3],"1":[3,3],"2":[6,6]},"inputSourceMap":null,"_coverageSchema":"1a1c01bbd47fc00a2c39e90264f33305004495a9","hash":"5a0005a6963c6d8ee2f99aa4323bc3fcbc5f1334"}
,"C:\\Users\\bilan\\MovieTalk\\MovieTalk-Backend\\src\\routes\\post.route.js": {"path":"C:\\Users\\bilan\\MovieTalk\\MovieTalk-Backend\\src\\routes\\post.route.js","statementMap":{"0":{"start":{"line":2,"column":22},"end":{"line":4,"column":1}},"1":{"start":{"line":3,"column":4},"end":{"line":3,"column":62}},"2":{"start":{"line":5,"column":0},"end":{"line":5,"column":62}},"3":{"start":{"line":6,"column":18},"end":{"line":6,"column":53}},"4":{"start":{"line":7,"column":26},"end":{"line":7,"column":84}},"5":{"start":{"line":8,"column":26},"end":{"line":8,"column":66}},"6":{"start":{"line":9,"column":15},"end":{"line":9,"column":41}},"7":{"start":{"line":84,"column":0},"end":{"line":84,"column":121}},"8":{"start":{"line":111,"column":0},"end":{"line":111,"column":82}},"9":{"start":{"line":138,"column":0},"end":{"line":138,"column":86}},"10":{"start":{"line":183,"column":0},"end":{"line":183,"column":123}},"11":{"start":{"line":206,"column":0},"end":{"line":206,"column":126}},"12":{"start":{"line":207,"column":0},"end":{"line":207,"column":25}}},"fnMap":{"0":{"name":"(anonymous_0)","decl":{"start":{"line":2,"column":56},"end":{"line":2,"column":57}},"loc":{"start":{"line":2,"column":71},"end":{"line":4,"column":1}},"line":2}},"branchMap":{"0":{"loc":{"start":{"line":2,"column":22},"end":{"line":4,"column":1}},"type":"binary-expr","locations":[{"start":{"line":2,"column":23},"end":{"line":2,"column":27}},{"start":{"line":2,"column":31},"end":{"line":2,"column":51}},{"start":{"line":2,"column":56},"end":{"line":4,"column":1}}],"line":2},"1":{"loc":{"start":{"line":3,"column":11},"end":{"line":3,"column":61}},"type":"cond-expr","locations":[{"start":{"line":3,"column":37},"end":{"line":3,"column":40}},{"start":{"line":3,"column":43},"end":{"line":3,"column":61}}],"line":3},"2":{"loc":{"start":{"line":3,"column":12},"end":{"line":3,"column":33}},"type":"binary-expr","locations":[{"start":{"line":3,"column":12},"end":{"line":3,"column":15}},{"start":{"line":3,"column":19},"end":{"line":3,"column":33}}],"line":3}},"s":{"0":3,"1":6,"2":3,"3":3,"4":3,"5":3,"6":3,"7":3,"8":3,"9":3,"10":3,"11":3,"12":3},"f":{"0":6},"b":{"0":[3,3,3],"1":[3,3],"2":[6,6]},"inputSourceMap":null,"_coverageSchema":"1a1c01bbd47fc00a2c39e90264f33305004495a9","hash":"6ed0287aa11be0cb495ae8516aab0b2685454985"}
}
