{"C:\\Users\\bilan\\MovieTalk\\MovieTalk-Backend\\src\\app.ts": {"path":"C:\\Users\\bilan\\MovieTalk\\MovieTalk-Backend\\src\\app.ts","statementMap":{"0":{"start":{"line":1,"column":0},"end":{"line":1,"column":43}},"1":{"start":{"line":2,"column":0},"end":{"line":2,"column":28}},"2":{"start":{"line":3,"column":0},"end":{"line":3,"column":32}},"3":{"start":{"line":4,"column":0},"end":{"line":4,"column":44}},"4":{"start":{"line":5,"column":0},"end":{"line":5,"column":50}},"5":{"start":{"line":6,"column":0},"end":{"line":6,"column":44}},"6":{"start":{"line":7,"column":0},"end":{"line":7,"column":41}},"7":{"start":{"line":8,"column":0},"end":{"line":8,"column":43}},"8":{"start":{"line":10,"column":0},"end":{"line":10,"column":16}},"9":{"start":{"line":12,"column":12},"end":{"line":12,"column":21}},"10":{"start":{"line":15,"column":0},"end":{"line":15,"column":24}},"11":{"start":{"line":16,"column":0},"end":{"line":16,"column":48}},"12":{"start":{"line":18,"column":0},"end":{"line":23,"column":3}},"13":{"start":{"line":19,"column":2},"end":{"line":19,"column":49}},"14":{"start":{"line":20,"column":2},"end":{"line":20,"column":50}},"15":{"start":{"line":21,"column":2},"end":{"line":21,"column":50}},"16":{"start":{"line":22,"column":2},"end":{"line":22,"column":9}},"17":{"start":{"line":26,"column":0},"end":{"line":28,"column":3}},"18":{"start":{"line":27,"column":2},"end":{"line":27,"column":51}},"19":{"start":{"line":29,"column":0},"end":{"line":29,"column":29}},"20":{"start":{"line":30,"column":0},"end":{"line":30,"column":35}},"21":{"start":{"line":31,"column":0},"end":{"line":31,"column":28}},"22":{"start":{"line":34,"column":16},"end":{"line":45,"column":2}},"23":{"start":{"line":46,"column":14},"end":{"line":46,"column":35}},"24":{"start":{"line":47,"column":0},"end":{"line":47,"column":62}},"25":{"start":{"line":50,"column":16},"end":{"line":67,"column":1}},"26":{"start":{"line":51,"column":2},"end":{"line":66,"column":5}},"27":{"start":{"line":52,"column":15},"end":{"line":52,"column":34}},"28":{"start":{"line":53,"column":4},"end":{"line":53,"column":68}},"29":{"start":{"line":54,"column":4},"end":{"line":56,"column":7}},"30":{"start":{"line":55,"column":6},"end":{"line":55,"column":44}},"31":{"start":{"line":58,"column":4},"end":{"line":65,"column":5}},"32":{"start":{"line":59,"column":6},"end":{"line":59,"column":38}},"33":{"start":{"line":61,"column":6},"end":{"line":64,"column":37}},"34":{"start":{"line":63,"column":20},"end":{"line":63,"column":32}},"35":{"start":{"line":64,"column":24},"end":{"line":64,"column":35}},"36":{"start":{"line":69,"column":0},"end":{"line":69,"column":23}}},"fnMap":{"0":{"name":"(anonymous_1)","decl":{"start":{"line":18,"column":8},"end":{"line":18,"column":9}},"loc":{"start":{"line":18,"column":27},"end":{"line":23,"column":1}}},"1":{"name":"(anonymous_2)","decl":{"start":{"line":26,"column":13},"end":{"line":26,"column":14}},"loc":{"start":{"line":26,"column":26},"end":{"line":28,"column":1}}},"2":{"name":"(anonymous_3)","decl":{"start":{"line":50,"column":16},"end":{"line":50,"column":37}},"loc":{"start":{"line":50,"column":39},"end":{"line":67,"column":1}}},"3":{"name":"(anonymous_4)","decl":{"start":{"line":51,"column":21},"end":{"line":51,"column":22}},"loc":{"start":{"line":51,"column":41},"end":{"line":66,"column":3}}},"4":{"name":"(anonymous_5)","decl":{"start":{"line":54,"column":20},"end":{"line":54,"column":23}},"loc":{"start":{"line":54,"column":25},"end":{"line":56,"column":5}}},"5":{"name":"(anonymous_6)","decl":{"start":{"line":63,"column":14},"end":{"line":63,"column":17}},"loc":{"start":{"line":63,"column":20},"end":{"line":63,"column":32}}},"6":{"name":"(anonymous_7)","decl":{"start":{"line":64,"column":15},"end":{"line":64,"column":16}},"loc":{"start":{"line":64,"column":24},"end":{"line":64,"column":35}}}},"branchMap":{"0":{"loc":{"start":{"line":58,"column":4},"end":{"line":65,"column":5}},"type":"if","locations":[{"start":{"line":58,"column":4},"end":{"line":65,"column":5}},{"start":{"line":60,"column":11},"end":{"line":65,"column":5}}]}},"s":{"0":3,"1":3,"2":3,"3":3,"4":3,"5":3,"6":3,"7":3,"8":3,"9":3,"10":3,"11":3,"12":3,"13":51,"14":51,"15":51,"16":51,"17":3,"18":0,"19":3,"20":3,"21":3,"22":3,"23":3,"24":3,"25":3,"26":3,"27":3,"28":3,"29":3,"30":3,"31":3,"32":0,"33":3,"34":3,"35":0,"36":3},"f":{"0":51,"1":0,"2":3,"3":3,"4":3,"5":3,"6":0},"b":{"0":[0,3]}}
,"C:\\Users\\bilan\\MovieTalk\\MovieTalk-Backend\\src\\controllers\\auth.controller.ts": {"path":"C:\\Users\\bilan\\MovieTalk\\MovieTalk-Backend\\src\\controllers\\auth.controller.ts","statementMap":{"0":{"start":{"line":2,"column":0},"end":{"line":2,"column":45}},"1":{"start":{"line":3,"column":0},"end":{"line":3,"column":28}},"2":{"start":{"line":4,"column":0},"end":{"line":4,"column":48}},"3":{"start":{"line":10,"column":17},"end":{"line":28,"column":2}},"4":{"start":{"line":10,"column":55},"end":{"line":28,"column":2}},"5":{"start":{"line":11,"column":18},"end":{"line":11,"column":32}},"6":{"start":{"line":12,"column":21},"end":{"line":12,"column":38}},"7":{"start":{"line":13,"column":4},"end":{"line":16,"column":5}},"8":{"start":{"line":14,"column":8},"end":{"line":14,"column":58}},"9":{"start":{"line":15,"column":8},"end":{"line":15,"column":15}},"10":{"start":{"line":17,"column":4},"end":{"line":27,"column":5}},"11":{"start":{"line":18,"column":21},"end":{"line":18,"column":45}},"12":{"start":{"line":19,"column":31},"end":{"line":19,"column":64}},"13":{"start":{"line":20,"column":21},"end":{"line":23,"column":10}},"14":{"start":{"line":24,"column":8},"end":{"line":24,"column":35}},"15":{"start":{"line":26,"column":8},"end":{"line":26,"column":36}},"16":{"start":{"line":30,"column":23},"end":{"line":54,"column":1}},"17":{"start":{"line":31,"column":17},"end":{"line":31,"column":52}},"18":{"start":{"line":33,"column":17},"end":{"line":33,"column":41}},"19":{"start":{"line":34,"column":27},"end":{"line":34,"column":55}},"20":{"start":{"line":35,"column":28},"end":{"line":35,"column":64}},"21":{"start":{"line":37,"column":2},"end":{"line":39,"column":3}},"22":{"start":{"line":38,"column":4},"end":{"line":38,"column":75}},"23":{"start":{"line":41,"column":22},"end":{"line":44,"column":null}},"24":{"start":{"line":47,"column":23},"end":{"line":50,"column":null}},"25":{"start":{"line":53,"column":2},"end":{"line":53,"column":39}},"26":{"start":{"line":57,"column":14},"end":{"line":108,"column":2}},"27":{"start":{"line":57,"column":52},"end":{"line":108,"column":2}},"28":{"start":{"line":58,"column":3},"end":{"line":58,"column":40}},"29":{"start":{"line":59,"column":18},"end":{"line":59,"column":32}},"30":{"start":{"line":60,"column":21},"end":{"line":60,"column":38}},"31":{"start":{"line":61,"column":4},"end":{"line":61,"column":56}},"32":{"start":{"line":63,"column":4},"end":{"line":66,"column":5}},"33":{"start":{"line":64,"column":8},"end":{"line":64,"column":56}},"34":{"start":{"line":65,"column":8},"end":{"line":65,"column":15}},"35":{"start":{"line":67,"column":4},"end":{"line":107,"column":5}},"36":{"start":{"line":68,"column":21},"end":{"line":68,"column":62}},"37":{"start":{"line":69,"column":8},"end":{"line":69,"column":41}},"38":{"start":{"line":70,"column":8},"end":{"line":73,"column":9}},"39":{"start":{"line":71,"column":12},"end":{"line":71,"column":60}},"40":{"start":{"line":72,"column":12},"end":{"line":72,"column":19}},"41":{"start":{"line":74,"column":30},"end":{"line":74,"column":75}},"42":{"start":{"line":75,"column":8},"end":{"line":75,"column":54}},"43":{"start":{"line":77,"column":8},"end":{"line":80,"column":9}},"44":{"start":{"line":78,"column":12},"end":{"line":78,"column":60}},"45":{"start":{"line":79,"column":12},"end":{"line":79,"column":19}},"46":{"start":{"line":82,"column":31},"end":{"line":82,"column":50}},"47":{"start":{"line":83,"column":23},"end":{"line":83,"column":45}},"48":{"start":{"line":84,"column":8},"end":{"line":87,"column":9}},"49":{"start":{"line":85,"column":12},"end":{"line":85,"column":63}},"50":{"start":{"line":86,"column":12},"end":{"line":86,"column":19}},"51":{"start":{"line":89,"column":8},"end":{"line":91,"column":9}},"52":{"start":{"line":90,"column":12},"end":{"line":90,"column":36}},"53":{"start":{"line":93,"column":8},"end":{"line":93,"column":53}},"54":{"start":{"line":94,"column":8},"end":{"line":94,"column":26}},"55":{"start":{"line":95,"column":8},"end":{"line":95,"column":42}},"56":{"start":{"line":96,"column":8},"end":{"line":101,"column":11}},"57":{"start":{"line":103,"column":8},"end":{"line":103,"column":47}},"58":{"start":{"line":104,"column":8},"end":{"line":106,"column":9}},"59":{"start":{"line":105,"column":12},"end":{"line":105,"column":58}},"60":{"start":{"line":110,"column":15},"end":{"line":147,"column":2}},"61":{"start":{"line":110,"column":53},"end":{"line":147,"column":2}},"62":{"start":{"line":111,"column":25},"end":{"line":111,"column":46}},"63":{"start":{"line":112,"column":4},"end":{"line":115,"column":5}},"64":{"start":{"line":113,"column":8},"end":{"line":113,"column":54}},"65":{"start":{"line":114,"column":8},"end":{"line":114,"column":15}},"66":{"start":{"line":117,"column":4},"end":{"line":120,"column":5}},"67":{"start":{"line":118,"column":8},"end":{"line":118,"column":59}},"68":{"start":{"line":119,"column":8},"end":{"line":119,"column":15}},"69":{"start":{"line":121,"column":4},"end":{"line":146,"column":7}},"70":{"start":{"line":121,"column":95},"end":{"line":146,"column":6}},"71":{"start":{"line":122,"column":8},"end":{"line":125,"column":9}},"72":{"start":{"line":123,"column":12},"end":{"line":123,"column":50}},"73":{"start":{"line":124,"column":12},"end":{"line":124,"column":19}},"74":{"start":{"line":126,"column":24},"end":{"line":126,"column":44}},"75":{"start":{"line":127,"column":8},"end":{"line":145,"column":9}},"76":{"start":{"line":128,"column":25},"end":{"line":128,"column":70}},"77":{"start":{"line":129,"column":12},"end":{"line":132,"column":13}},"78":{"start":{"line":130,"column":16},"end":{"line":130,"column":54}},"79":{"start":{"line":131,"column":16},"end":{"line":131,"column":23}},"80":{"start":{"line":133,"column":12},"end":{"line":138,"column":13}},"81":{"start":{"line":134,"column":16},"end":{"line":134,"column":54}},"82":{"start":{"line":135,"column":16},"end":{"line":135,"column":40}},"83":{"start":{"line":136,"column":16},"end":{"line":136,"column":34}},"84":{"start":{"line":137,"column":16},"end":{"line":137,"column":23}},"85":{"start":{"line":139,"column":27},"end":{"line":139,"column":87}},"86":{"start":{"line":139,"column":64},"end":{"line":139,"column":86}},"87":{"start":{"line":140,"column":12},"end":{"line":140,"column":40}},"88":{"start":{"line":141,"column":12},"end":{"line":141,"column":30}},"89":{"start":{"line":142,"column":12},"end":{"line":142,"column":47}},"90":{"start":{"line":144,"column":12},"end":{"line":144,"column":40}},"91":{"start":{"line":149,"column":16},"end":{"line":200,"column":2}},"92":{"start":{"line":149,"column":54},"end":{"line":200,"column":2}},"93":{"start":{"line":150,"column":25},"end":{"line":150,"column":46}},"94":{"start":{"line":151,"column":4},"end":{"line":154,"column":5}},"95":{"start":{"line":152,"column":8},"end":{"line":152,"column":46}},"96":{"start":{"line":153,"column":8},"end":{"line":153,"column":15}},"97":{"start":{"line":155,"column":4},"end":{"line":158,"column":5}},"98":{"start":{"line":156,"column":8},"end":{"line":156,"column":59}},"99":{"start":{"line":157,"column":8},"end":{"line":157,"column":15}},"100":{"start":{"line":159,"column":4},"end":{"line":199,"column":7}},"101":{"start":{"line":159,"column":95},"end":{"line":199,"column":6}},"102":{"start":{"line":160,"column":8},"end":{"line":163,"column":9}},"103":{"start":{"line":161,"column":12},"end":{"line":161,"column":50}},"104":{"start":{"line":162,"column":12},"end":{"line":162,"column":19}},"105":{"start":{"line":165,"column":24},"end":{"line":165,"column":44}},"106":{"start":{"line":166,"column":8},"end":{"line":198,"column":9}},"107":{"start":{"line":167,"column":25},"end":{"line":167,"column":70}},"108":{"start":{"line":168,"column":12},"end":{"line":171,"column":13}},"109":{"start":{"line":169,"column":16},"end":{"line":169,"column":54}},"110":{"start":{"line":170,"column":16},"end":{"line":170,"column":23}},"111":{"start":{"line":173,"column":12},"end":{"line":178,"column":13}},"112":{"start":{"line":174,"column":16},"end":{"line":174,"column":40}},"113":{"start":{"line":175,"column":16},"end":{"line":175,"column":34}},"114":{"start":{"line":176,"column":16},"end":{"line":176,"column":54}},"115":{"start":{"line":177,"column":16},"end":{"line":177,"column":23}},"116":{"start":{"line":180,"column":30},"end":{"line":180,"column":65}},"117":{"start":{"line":181,"column":12},"end":{"line":186,"column":13}},"118":{"start":{"line":182,"column":16},"end":{"line":182,"column":40}},"119":{"start":{"line":183,"column":16},"end":{"line":183,"column":34}},"120":{"start":{"line":184,"column":16},"end":{"line":184,"column":67}},"121":{"start":{"line":185,"column":16},"end":{"line":185,"column":23}},"122":{"start":{"line":188,"column":12},"end":{"line":188,"column":94}},"123":{"start":{"line":188,"column":70},"end":{"line":188,"column":92}},"124":{"start":{"line":189,"column":12},"end":{"line":189,"column":60}},"125":{"start":{"line":190,"column":12},"end":{"line":190,"column":30}},"126":{"start":{"line":192,"column":12},"end":{"line":195,"column":15}},"127":{"start":{"line":197,"column":12},"end":{"line":197,"column":40}},"128":{"start":{"line":225,"column":0},"end":{"line":225,"column":52}}},"fnMap":{"0":{"name":"(anonymous_8)","decl":{"start":{"line":10,"column":17},"end":{"line":10,"column":24}},"loc":{"start":{"line":10,"column":55},"end":{"line":28,"column":2}}},"1":{"name":"(anonymous_9)","decl":{"start":{"line":10,"column":55},"end":{"line":10,"column":null}},"loc":{"start":{"line":10,"column":55},"end":{"line":28,"column":1}}},"2":{"name":"(anonymous_10)","decl":{"start":{"line":30,"column":23},"end":{"line":30,"column":24}},"loc":{"start":{"line":30,"column":86},"end":{"line":54,"column":1}}},"3":{"name":"(anonymous_11)","decl":{"start":{"line":57,"column":14},"end":{"line":57,"column":21}},"loc":{"start":{"line":57,"column":52},"end":{"line":108,"column":2}}},"4":{"name":"(anonymous_12)","decl":{"start":{"line":57,"column":52},"end":{"line":57,"column":null}},"loc":{"start":{"line":57,"column":52},"end":{"line":108,"column":1}}},"5":{"name":"(anonymous_13)","decl":{"start":{"line":110,"column":15},"end":{"line":110,"column":22}},"loc":{"start":{"line":110,"column":53},"end":{"line":147,"column":2}}},"6":{"name":"(anonymous_14)","decl":{"start":{"line":110,"column":53},"end":{"line":110,"column":null}},"loc":{"start":{"line":110,"column":53},"end":{"line":147,"column":1}}},"7":{"name":"(anonymous_15)","decl":{"start":{"line":121,"column":55},"end":{"line":121,"column":62}},"loc":{"start":{"line":121,"column":95},"end":{"line":146,"column":6}}},"8":{"name":"(anonymous_16)","decl":{"start":{"line":121,"column":95},"end":{"line":121,"column":null}},"loc":{"start":{"line":121,"column":95},"end":{"line":146,"column":5}}},"9":{"name":"(anonymous_17)","decl":{"start":{"line":139,"column":53},"end":{"line":139,"column":54}},"loc":{"start":{"line":139,"column":64},"end":{"line":139,"column":86}}},"10":{"name":"(anonymous_18)","decl":{"start":{"line":149,"column":16},"end":{"line":149,"column":23}},"loc":{"start":{"line":149,"column":54},"end":{"line":200,"column":2}}},"11":{"name":"(anonymous_19)","decl":{"start":{"line":149,"column":54},"end":{"line":149,"column":null}},"loc":{"start":{"line":149,"column":54},"end":{"line":200,"column":1}}},"12":{"name":"(anonymous_20)","decl":{"start":{"line":159,"column":55},"end":{"line":159,"column":62}},"loc":{"start":{"line":159,"column":95},"end":{"line":199,"column":6}}},"13":{"name":"(anonymous_21)","decl":{"start":{"line":159,"column":95},"end":{"line":159,"column":null}},"loc":{"start":{"line":159,"column":95},"end":{"line":199,"column":5}}},"14":{"name":"(anonymous_22)","decl":{"start":{"line":188,"column":59},"end":{"line":188,"column":60}},"loc":{"start":{"line":188,"column":70},"end":{"line":188,"column":92}}}},"branchMap":{"0":{"loc":{"start":{"line":13,"column":4},"end":{"line":16,"column":5}},"type":"if","locations":[{"start":{"line":13,"column":4},"end":{"line":16,"column":5}}]},"1":{"loc":{"start":{"line":13,"column":8},"end":{"line":13,"column":27}},"type":"binary-expr","locations":[{"start":{"line":13,"column":8},"end":{"line":13,"column":14}},{"start":{"line":13,"column":18},"end":{"line":13,"column":27}}]},"2":{"loc":{"start":{"line":37,"column":2},"end":{"line":39,"column":3}},"type":"if","locations":[{"start":{"line":37,"column":2},"end":{"line":39,"column":3}}]},"3":{"loc":{"start":{"line":37,"column":6},"end":{"line":37,"column":56}},"type":"binary-expr","locations":[{"start":{"line":37,"column":6},"end":{"line":37,"column":13}},{"start":{"line":37,"column":17},"end":{"line":37,"column":34}},{"start":{"line":37,"column":38},"end":{"line":37,"column":56}}]},"4":{"loc":{"start":{"line":63,"column":4},"end":{"line":66,"column":5}},"type":"if","locations":[{"start":{"line":63,"column":4},"end":{"line":66,"column":5}}]},"5":{"loc":{"start":{"line":63,"column":8},"end":{"line":63,"column":27}},"type":"binary-expr","locations":[{"start":{"line":63,"column":8},"end":{"line":63,"column":14}},{"start":{"line":63,"column":18},"end":{"line":63,"column":27}}]},"6":{"loc":{"start":{"line":70,"column":8},"end":{"line":73,"column":9}},"type":"if","locations":[{"start":{"line":70,"column":8},"end":{"line":73,"column":9}}]},"7":{"loc":{"start":{"line":77,"column":8},"end":{"line":80,"column":9}},"type":"if","locations":[{"start":{"line":77,"column":8},"end":{"line":80,"column":9}}]},"8":{"loc":{"start":{"line":84,"column":8},"end":{"line":87,"column":9}},"type":"if","locations":[{"start":{"line":84,"column":8},"end":{"line":87,"column":9}}]},"9":{"loc":{"start":{"line":89,"column":8},"end":{"line":91,"column":9}},"type":"if","locations":[{"start":{"line":89,"column":8},"end":{"line":91,"column":9}}]},"10":{"loc":{"start":{"line":104,"column":8},"end":{"line":106,"column":9}},"type":"if","locations":[{"start":{"line":104,"column":8},"end":{"line":106,"column":9}}]},"11":{"loc":{"start":{"line":112,"column":4},"end":{"line":115,"column":5}},"type":"if","locations":[{"start":{"line":112,"column":4},"end":{"line":115,"column":5}}]},"12":{"loc":{"start":{"line":117,"column":4},"end":{"line":120,"column":5}},"type":"if","locations":[{"start":{"line":117,"column":4},"end":{"line":120,"column":5}}]},"13":{"loc":{"start":{"line":122,"column":8},"end":{"line":125,"column":9}},"type":"if","locations":[{"start":{"line":122,"column":8},"end":{"line":125,"column":9}}]},"14":{"loc":{"start":{"line":129,"column":12},"end":{"line":132,"column":13}},"type":"if","locations":[{"start":{"line":129,"column":12},"end":{"line":132,"column":13}}]},"15":{"loc":{"start":{"line":133,"column":12},"end":{"line":138,"column":13}},"type":"if","locations":[{"start":{"line":133,"column":12},"end":{"line":138,"column":13}}]},"16":{"loc":{"start":{"line":133,"column":16},"end":{"line":133,"column":81}},"type":"binary-expr","locations":[{"start":{"line":133,"column":16},"end":{"line":133,"column":35}},{"start":{"line":133,"column":39},"end":{"line":133,"column":81}}]},"17":{"loc":{"start":{"line":151,"column":4},"end":{"line":154,"column":5}},"type":"if","locations":[{"start":{"line":151,"column":4},"end":{"line":154,"column":5}}]},"18":{"loc":{"start":{"line":155,"column":4},"end":{"line":158,"column":5}},"type":"if","locations":[{"start":{"line":155,"column":4},"end":{"line":158,"column":5}}]},"19":{"loc":{"start":{"line":160,"column":8},"end":{"line":163,"column":9}},"type":"if","locations":[{"start":{"line":160,"column":8},"end":{"line":163,"column":9}}]},"20":{"loc":{"start":{"line":168,"column":12},"end":{"line":171,"column":13}},"type":"if","locations":[{"start":{"line":168,"column":12},"end":{"line":171,"column":13}}]},"21":{"loc":{"start":{"line":173,"column":12},"end":{"line":178,"column":13}},"type":"if","locations":[{"start":{"line":173,"column":12},"end":{"line":178,"column":13}}]},"22":{"loc":{"start":{"line":173,"column":16},"end":{"line":173,"column":81}},"type":"binary-expr","locations":[{"start":{"line":173,"column":16},"end":{"line":173,"column":35}},{"start":{"line":173,"column":39},"end":{"line":173,"column":81}}]},"23":{"loc":{"start":{"line":181,"column":12},"end":{"line":186,"column":13}},"type":"if","locations":[{"start":{"line":181,"column":12},"end":{"line":186,"column":13}}]}},"s":{"0":3,"1":3,"2":3,"3":3,"4":9,"5":9,"6":9,"7":9,"8":2,"9":2,"10":7,"11":7,"12":7,"13":7,"14":5,"15":2,"16":3,"17":10,"18":10,"19":10,"20":10,"21":10,"22":4,"23":6,"24":6,"25":6,"26":3,"27":13,"28":13,"29":13,"30":13,"31":13,"32":13,"33":2,"34":2,"35":11,"36":11,"37":11,"38":11,"39":1,"40":1,"41":10,"42":10,"43":10,"44":1,"45":1,"46":9,"47":9,"48":5,"49":0,"50":0,"51":5,"52":0,"53":5,"54":5,"55":5,"56":5,"57":4,"58":4,"59":4,"60":3,"61":5,"62":5,"63":5,"64":1,"65":1,"66":4,"67":1,"68":1,"69":3,"70":3,"71":3,"72":1,"73":1,"74":2,"75":2,"76":2,"77":2,"78":1,"79":1,"80":1,"81":0,"82":0,"83":0,"84":0,"85":1,"86":1,"87":1,"88":1,"89":1,"90":0,"91":3,"92":9,"93":9,"94":8,"95":3,"96":3,"97":5,"98":1,"99":1,"100":4,"101":4,"102":4,"103":1,"104":1,"105":3,"106":3,"107":3,"108":3,"109":0,"110":0,"111":3,"112":2,"113":2,"114":2,"115":2,"116":1,"117":1,"118":0,"119":0,"120":0,"121":0,"122":1,"123":1,"124":1,"125":1,"126":1,"127":0,"128":3},"f":{"0":9,"1":9,"2":10,"3":13,"4":13,"5":5,"6":5,"7":3,"8":3,"9":1,"10":9,"11":9,"12":4,"13":4,"14":1},"b":{"0":[2],"1":[9,8],"2":[4],"3":[10,6,6],"4":[2],"5":[13,12],"6":[1],"7":[1],"8":[0],"9":[0],"10":[4],"11":[1],"12":[1],"13":[1],"14":[1],"15":[0],"16":[1,1],"17":[3],"18":[1],"19":[1],"20":[0],"21":[2],"22":[3,3],"23":[0]}}
,"C:\\Users\\bilan\\MovieTalk\\MovieTalk-Backend\\src\\controllers\\base.controller.ts": {"path":"C:\\Users\\bilan\\MovieTalk\\MovieTalk-Backend\\src\\controllers\\base.controller.ts","statementMap":{"0":{"start":{"line":8,"column":8},"end":{"line":8,"column":27}},"1":{"start":{"line":12,"column":8},"end":{"line":17,"column":9}},"2":{"start":{"line":13,"column":25},"end":{"line":13,"column":58}},"3":{"start":{"line":14,"column":12},"end":{"line":14,"column":39}},"4":{"start":{"line":16,"column":12},"end":{"line":16,"column":40}},"5":{"start":{"line":21,"column":23},"end":{"line":21,"column":39}},"6":{"start":{"line":22,"column":23},"end":{"line":22,"column":40}},"7":{"start":{"line":23,"column":61},"end":{"line":23,"column":63}},"8":{"start":{"line":25,"column":8},"end":{"line":44,"column":9}},"9":{"start":{"line":26,"column":12},"end":{"line":28,"column":13}},"10":{"start":{"line":27,"column":16},"end":{"line":27,"column":39}},"11":{"start":{"line":30,"column":12},"end":{"line":32,"column":13}},"12":{"start":{"line":31,"column":16},"end":{"line":31,"column":39}},"13":{"start":{"line":34,"column":25},"end":{"line":34,"column":92}},"14":{"start":{"line":36,"column":12},"end":{"line":39,"column":13}},"15":{"start":{"line":37,"column":16},"end":{"line":37,"column":41}},"16":{"start":{"line":38,"column":16},"end":{"line":38,"column":23}},"17":{"start":{"line":41,"column":12},"end":{"line":41,"column":27}},"18":{"start":{"line":43,"column":12},"end":{"line":43,"column":40}},"19":{"start":{"line":48,"column":19},"end":{"line":48,"column":32}},"20":{"start":{"line":49,"column":8},"end":{"line":58,"column":9}},"21":{"start":{"line":50,"column":25},"end":{"line":50,"column":54}},"22":{"start":{"line":51,"column":12},"end":{"line":55,"column":13}},"23":{"start":{"line":52,"column":16},"end":{"line":52,"column":31}},"24":{"start":{"line":54,"column":16},"end":{"line":54,"column":53}},"25":{"start":{"line":57,"column":12},"end":{"line":57,"column":40}},"26":{"start":{"line":62,"column":19},"end":{"line":62,"column":32}},"27":{"start":{"line":64,"column":8},"end":{"line":75,"column":9}},"28":{"start":{"line":65,"column":25},"end":{"line":65,"column":54}},"29":{"start":{"line":66,"column":12},"end":{"line":69,"column":13}},"30":{"start":{"line":67,"column":16},"end":{"line":67,"column":55}},"31":{"start":{"line":68,"column":16},"end":{"line":68,"column":23}},"32":{"start":{"line":71,"column":32},"end":{"line":71,"column":95}},"33":{"start":{"line":72,"column":12},"end":{"line":72,"column":46}},"34":{"start":{"line":74,"column":12},"end":{"line":74,"column":40}},"35":{"start":{"line":79,"column":19},"end":{"line":79,"column":32}},"36":{"start":{"line":80,"column":8},"end":{"line":85,"column":9}},"37":{"start":{"line":81,"column":12},"end":{"line":81,"column":51}},"38":{"start":{"line":82,"column":12},"end":{"line":82,"column":49}},"39":{"start":{"line":84,"column":12},"end":{"line":84,"column":40}},"40":{"start":{"line":91,"column":0},"end":{"line":91,"column":30}}},"fnMap":{"0":{"name":"(anonymous_7)","decl":{"start":{"line":7,"column":4},"end":{"line":7,"column":16}},"loc":{"start":{"line":7,"column":31},"end":{"line":9,"column":5}}},"1":{"name":"(anonymous_8)","decl":{"start":{"line":11,"column":10},"end":{"line":11,"column":20}},"loc":{"start":{"line":11,"column":48},"end":{"line":18,"column":null}}},"2":{"name":"(anonymous_10)","decl":{"start":{"line":20,"column":10},"end":{"line":20,"column":16}},"loc":{"start":{"line":20,"column":44},"end":{"line":45,"column":null}}},"3":{"name":"(anonymous_12)","decl":{"start":{"line":47,"column":10},"end":{"line":47,"column":17}},"loc":{"start":{"line":47,"column":45},"end":{"line":59,"column":null}}},"4":{"name":"(anonymous_14)","decl":{"start":{"line":61,"column":10},"end":{"line":61,"column":20}},"loc":{"start":{"line":61,"column":48},"end":{"line":76,"column":null}}},"5":{"name":"(anonymous_16)","decl":{"start":{"line":78,"column":10},"end":{"line":78,"column":20}},"loc":{"start":{"line":78,"column":48},"end":{"line":86,"column":null}}}},"branchMap":{"0":{"loc":{"start":{"line":26,"column":12},"end":{"line":28,"column":13}},"type":"if","locations":[{"start":{"line":26,"column":12},"end":{"line":28,"column":13}}]},"1":{"loc":{"start":{"line":30,"column":12},"end":{"line":32,"column":13}},"type":"if","locations":[{"start":{"line":30,"column":12},"end":{"line":32,"column":13}}]},"2":{"loc":{"start":{"line":34,"column":47},"end":{"line":34,"column":91}},"type":"cond-expr","locations":[{"start":{"line":34,"column":80},"end":{"line":34,"column":86}},{"start":{"line":34,"column":89},"end":{"line":34,"column":91}}]},"3":{"loc":{"start":{"line":36,"column":12},"end":{"line":39,"column":13}},"type":"if","locations":[{"start":{"line":36,"column":12},"end":{"line":39,"column":13}}]},"4":{"loc":{"start":{"line":51,"column":12},"end":{"line":55,"column":13}},"type":"if","locations":[{"start":{"line":51,"column":12},"end":{"line":55,"column":13}},{"start":{"line":53,"column":19},"end":{"line":55,"column":13}}]},"5":{"loc":{"start":{"line":66,"column":12},"end":{"line":69,"column":13}},"type":"if","locations":[{"start":{"line":66,"column":12},"end":{"line":69,"column":13}}]}},"s":{"0":6,"1":1,"2":1,"3":1,"4":0,"5":5,"6":5,"7":5,"8":5,"9":5,"10":2,"11":5,"12":0,"13":5,"14":5,"15":5,"16":5,"17":0,"18":0,"19":1,"20":1,"21":1,"22":1,"23":0,"24":1,"25":0,"26":0,"27":0,"28":0,"29":0,"30":0,"31":0,"32":0,"33":0,"34":0,"35":0,"36":0,"37":0,"38":0,"39":0,"40":3},"f":{"0":6,"1":1,"2":5,"3":1,"4":0,"5":0},"b":{"0":[2],"1":[0],"2":[2,3],"3":[5],"4":[0,1],"5":[0]}}
,"C:\\Users\\bilan\\MovieTalk\\MovieTalk-Backend\\src\\controllers\\comment.controller.ts": {"path":"C:\\Users\\bilan\\MovieTalk\\MovieTalk-Backend\\src\\controllers\\comment.controller.ts","statementMap":{"0":{"start":{"line":1,"column":0},"end":{"line":1,"column":62}},"1":{"start":{"line":3,"column":0},"end":{"line":3,"column":48}},"2":{"start":{"line":7,"column":8},"end":{"line":7,"column":28}},"3":{"start":{"line":11,"column":25},"end":{"line":11,"column":45}},"4":{"start":{"line":12,"column":25},"end":{"line":14,"column":null}},"5":{"start":{"line":16,"column":12},"end":{"line":16,"column":31}},"6":{"start":{"line":17,"column":12},"end":{"line":17,"column":46}},"7":{"start":{"line":22,"column":0},"end":{"line":22,"column":39}}},"fnMap":{"0":{"name":"(anonymous_8)","decl":{"start":{"line":6,"column":4},"end":{"line":6,"column":null}},"loc":{"start":{"line":6,"column":4},"end":{"line":8,"column":5}}},"1":{"name":"(anonymous_9)","decl":{"start":{"line":10,"column":12},"end":{"line":10,"column":22}},"loc":{"start":{"line":10,"column":50},"end":{"line":18,"column":null}}}},"branchMap":{},"s":{"0":3,"1":3,"2":3,"3":0,"4":0,"5":0,"6":0,"7":3},"f":{"0":3,"1":0},"b":{}}
,"C:\\Users\\bilan\\MovieTalk\\MovieTalk-Backend\\src\\controllers\\post.controller.ts": {"path":"C:\\Users\\bilan\\MovieTalk\\MovieTalk-Backend\\src\\controllers\\post.controller.ts","statementMap":{"0":{"start":{"line":1,"column":0},"end":{"line":1,"column":53}},"1":{"start":{"line":3,"column":0},"end":{"line":3,"column":47}},"2":{"start":{"line":7,"column":8},"end":{"line":7,"column":25}},"3":{"start":{"line":11,"column":21},"end":{"line":11,"column":41}},"4":{"start":{"line":12,"column":18},"end":{"line":14,"column":null}},"5":{"start":{"line":16,"column":8},"end":{"line":16,"column":24}},"6":{"start":{"line":17,"column":8},"end":{"line":17,"column":42}},"7":{"start":{"line":22,"column":0},"end":{"line":22,"column":36}}},"fnMap":{"0":{"name":"(anonymous_8)","decl":{"start":{"line":6,"column":4},"end":{"line":6,"column":null}},"loc":{"start":{"line":6,"column":4},"end":{"line":8,"column":5}}},"1":{"name":"(anonymous_9)","decl":{"start":{"line":10,"column":10},"end":{"line":10,"column":20}},"loc":{"start":{"line":10,"column":48},"end":{"line":18,"column":null}}}},"branchMap":{},"s":{"0":3,"1":3,"2":3,"3":1,"4":1,"5":1,"6":1,"7":3},"f":{"0":3,"1":1},"b":{}}
,"C:\\Users\\bilan\\MovieTalk\\MovieTalk-Backend\\src\\middleware\\auth.middleware.ts": {"path":"C:\\Users\\bilan\\MovieTalk\\MovieTalk-Backend\\src\\middleware\\auth.middleware.ts","statementMap":{"0":{"start":{"line":2,"column":0},"end":{"line":2,"column":31}},"1":{"start":{"line":8,"column":30},"end":{"line":30,"column":1}},"2":{"start":{"line":9,"column":21},"end":{"line":9,"column":49}},"3":{"start":{"line":10,"column":16},"end":{"line":10,"column":54}},"4":{"start":{"line":12,"column":2},"end":{"line":15,"column":3}},"5":{"start":{"line":13,"column":4},"end":{"line":13,"column":59}},"6":{"start":{"line":14,"column":4},"end":{"line":14,"column":11}},"7":{"start":{"line":17,"column":2},"end":{"line":20,"column":3}},"8":{"start":{"line":18,"column":4},"end":{"line":18,"column":62}},"9":{"start":{"line":19,"column":4},"end":{"line":19,"column":11}},"10":{"start":{"line":22,"column":2},"end":{"line":29,"column":3}},"11":{"start":{"line":23,"column":20},"end":{"line":23,"column":79}},"12":{"start":{"line":24,"column":5},"end":{"line":24,"column":45}},"13":{"start":{"line":25,"column":4},"end":{"line":25,"column":11}},"14":{"start":{"line":27,"column":4},"end":{"line":27,"column":55}},"15":{"start":{"line":28,"column":4},"end":{"line":28,"column":11}},"16":{"start":{"line":8,"column":13},"end":{"line":8,"column":30}}},"fnMap":{"0":{"name":"(anonymous_1)","decl":{"start":{"line":8,"column":30},"end":{"line":8,"column":31}},"loc":{"start":{"line":8,"column":88},"end":{"line":30,"column":1}}}},"branchMap":{"0":{"loc":{"start":{"line":10,"column":16},"end":{"line":10,"column":54}},"type":"binary-expr","locations":[{"start":{"line":10,"column":16},"end":{"line":10,"column":26}},{"start":{"line":10,"column":30},"end":{"line":10,"column":54}}]},"1":{"loc":{"start":{"line":12,"column":2},"end":{"line":15,"column":3}},"type":"if","locations":[{"start":{"line":12,"column":2},"end":{"line":15,"column":3}}]},"2":{"loc":{"start":{"line":17,"column":2},"end":{"line":20,"column":3}},"type":"if","locations":[{"start":{"line":17,"column":2},"end":{"line":20,"column":3}}]}},"s":{"0":3,"1":3,"2":7,"3":7,"4":7,"5":2,"6":2,"7":5,"8":2,"9":2,"10":3,"11":3,"12":1,"13":1,"14":2,"15":2,"16":3},"f":{"0":7},"b":{"0":[7,5],"1":[2],"2":[2]}}
,"C:\\Users\\bilan\\MovieTalk\\MovieTalk-Backend\\src\\models\\Comment.model.ts": {"path":"C:\\Users\\bilan\\MovieTalk\\MovieTalk-Backend\\src\\models\\Comment.model.ts","statementMap":{"0":{"start":{"line":1,"column":0},"end":{"line":1,"column":32}},"1":{"start":{"line":9,"column":22},"end":{"line":13,"column":2}},"2":{"start":{"line":15,"column":21},"end":{"line":15,"column":72}},"3":{"start":{"line":17,"column":0},"end":{"line":17,"column":28}}},"fnMap":{},"branchMap":{},"s":{"0":3,"1":3,"2":3,"3":3},"f":{},"b":{}}
,"C:\\Users\\bilan\\MovieTalk\\MovieTalk-Backend\\src\\models\\Post.model.ts": {"path":"C:\\Users\\bilan\\MovieTalk\\MovieTalk-Backend\\src\\models\\Post.model.ts","statementMap":{"0":{"start":{"line":1,"column":0},"end":{"line":1,"column":32}},"1":{"start":{"line":9,"column":19},"end":{"line":13,"column":2}},"2":{"start":{"line":15,"column":18},"end":{"line":15,"column":60}},"3":{"start":{"line":16,"column":0},"end":{"line":16,"column":25}}},"fnMap":{},"branchMap":{},"s":{"0":3,"1":3,"2":3,"3":3},"f":{},"b":{}}
,"C:\\Users\\bilan\\MovieTalk\\MovieTalk-Backend\\src\\models\\User.model.ts": {"path":"C:\\Users\\bilan\\MovieTalk\\MovieTalk-Backend\\src\\models\\User.model.ts","statementMap":{"0":{"start":{"line":1,"column":0},"end":{"line":1,"column":32}},"1":{"start":{"line":10,"column":19},"end":{"line":14,"column":2}},"2":{"start":{"line":16,"column":18},"end":{"line":16,"column":59}},"3":{"start":{"line":17,"column":0},"end":{"line":17,"column":25}}},"fnMap":{},"branchMap":{},"s":{"0":3,"1":3,"2":3,"3":3},"f":{},"b":{}}
,"C:\\Users\\bilan\\MovieTalk\\MovieTalk-Backend\\src\\routes\\auth.route.ts": {"path":"C:\\Users\\bilan\\MovieTalk\\MovieTalk-Backend\\src\\routes\\auth.route.ts","statementMap":{"0":{"start":{"line":1,"column":0},"end":{"line":1,"column":30}},"1":{"start":{"line":2,"column":0},"end":{"line":2,"column":60}},"2":{"start":{"line":4,"column":15},"end":{"line":4,"column":31}},"3":{"start":{"line":64,"column":0},"end":{"line":64,"column":50}},"4":{"start":{"line":101,"column":0},"end":{"line":101,"column":44}},"5":{"start":{"line":128,"column":0},"end":{"line":128,"column":46}},"6":{"start":{"line":160,"column":0},"end":{"line":160,"column":48}},"7":{"start":{"line":162,"column":0},"end":{"line":162,"column":22}}},"fnMap":{},"branchMap":{},"s":{"0":3,"1":3,"2":3,"3":3,"4":3,"5":3,"6":3,"7":3},"f":{},"b":{}}
,"C:\\Users\\bilan\\MovieTalk\\MovieTalk-Backend\\src\\routes\\comment.route.ts": {"path":"C:\\Users\\bilan\\MovieTalk\\MovieTalk-Backend\\src\\routes\\comment.route.ts","statementMap":{"0":{"start":{"line":1,"column":0},"end":{"line":1,"column":30}},"1":{"start":{"line":2,"column":0},"end":{"line":2,"column":66}},"2":{"start":{"line":3,"column":0},"end":{"line":3,"column":63}},"3":{"start":{"line":5,"column":15},"end":{"line":5,"column":31}},"4":{"start":{"line":80,"column":0},"end":{"line":80,"column":87}},"5":{"start":{"line":108,"column":0},"end":{"line":108,"column":66}},"6":{"start":{"line":136,"column":0},"end":{"line":136,"column":79}},"7":{"start":{"line":164,"column":0},"end":{"line":164,"column":70}},"8":{"start":{"line":206,"column":0},"end":{"line":206,"column":89}},"9":{"start":{"line":230,"column":0},"end":{"line":230,"column":92}},"10":{"start":{"line":232,"column":0},"end":{"line":232,"column":22}}},"fnMap":{},"branchMap":{},"s":{"0":3,"1":3,"2":3,"3":3,"4":3,"5":3,"6":3,"7":3,"8":3,"9":3,"10":3},"f":{},"b":{}}
,"C:\\Users\\bilan\\MovieTalk\\MovieTalk-Backend\\src\\routes\\post.route.ts": {"path":"C:\\Users\\bilan\\MovieTalk\\MovieTalk-Backend\\src\\routes\\post.route.ts","statementMap":{"0":{"start":{"line":1,"column":0},"end":{"line":1,"column":30}},"1":{"start":{"line":2,"column":0},"end":{"line":2,"column":60}},"2":{"start":{"line":3,"column":0},"end":{"line":3,"column":63}},"3":{"start":{"line":5,"column":15},"end":{"line":5,"column":31}},"4":{"start":{"line":84,"column":0},"end":{"line":84,"column":81}},"5":{"start":{"line":112,"column":0},"end":{"line":112,"column":60}},"6":{"start":{"line":140,"column":0},"end":{"line":140,"column":64}},"7":{"start":{"line":186,"column":0},"end":{"line":186,"column":83}},"8":{"start":{"line":210,"column":0},"end":{"line":210,"column":86}},"9":{"start":{"line":212,"column":0},"end":{"line":212,"column":22}}},"fnMap":{},"branchMap":{},"s":{"0":3,"1":3,"2":3,"3":3,"4":3,"5":3,"6":3,"7":3,"8":3,"9":3},"f":{},"b":{}}
}
