TN:
SF:src\app.ts
FN:18,(anonymous_1)
FN:26,(anonymous_2)
FN:50,(anonymous_3)
FN:51,(anonymous_4)
FN:54,(anonymous_5)
FN:63,(anonymous_6)
FN:64,(anonymous_7)
FNF:7
FNH:5
FNDA:51,(anonymous_1)
FNDA:0,(anonymous_2)
FNDA:3,(anonymous_3)
FNDA:3,(anonymous_4)
FNDA:3,(anonymous_5)
FNDA:3,(anonymous_6)
FNDA:0,(anonymous_7)
DA:1,3
DA:2,3
DA:3,3
DA:4,3
DA:5,3
DA:6,3
DA:7,3
DA:8,3
DA:10,3
DA:12,3
DA:15,3
DA:16,3
DA:18,3
DA:19,51
DA:20,51
DA:21,51
DA:22,51
DA:26,3
DA:27,0
DA:29,3
DA:30,3
DA:31,3
DA:34,3
DA:46,3
DA:47,3
DA:50,3
DA:51,3
DA:52,3
DA:53,3
DA:54,3
DA:55,3
DA:58,3
DA:59,0
DA:61,3
DA:63,3
DA:64,0
DA:69,3
LF:37
LH:34
BRDA:58,0,0,0
BRDA:58,0,1,3
BRF:2
BRH:1
end_of_record
TN:
SF:src\controllers\auth.controller.ts
FN:10,(anonymous_8)
FN:10,(anonymous_9)
FN:30,(anonymous_10)
FN:57,(anonymous_11)
FN:57,(anonymous_12)
FN:110,(anonymous_13)
FN:110,(anonymous_14)
FN:121,(anonymous_15)
FN:121,(anonymous_16)
FN:139,(anonymous_17)
FN:149,(anonymous_18)
FN:149,(anonymous_19)
FN:159,(anonymous_20)
FN:159,(anonymous_21)
FN:188,(anonymous_22)
FNF:15
FNH:15
FNDA:9,(anonymous_8)
FNDA:9,(anonymous_9)
FNDA:10,(anonymous_10)
FNDA:13,(anonymous_11)
FNDA:13,(anonymous_12)
FNDA:5,(anonymous_13)
FNDA:5,(anonymous_14)
FNDA:3,(anonymous_15)
FNDA:3,(anonymous_16)
FNDA:1,(anonymous_17)
FNDA:9,(anonymous_18)
FNDA:9,(anonymous_19)
FNDA:4,(anonymous_20)
FNDA:4,(anonymous_21)
FNDA:1,(anonymous_22)
DA:2,3
DA:3,3
DA:4,3
DA:10,9
DA:11,9
DA:12,9
DA:13,9
DA:14,2
DA:15,2
DA:17,7
DA:18,7
DA:19,7
DA:20,7
DA:24,5
DA:26,2
DA:30,3
DA:31,10
DA:33,10
DA:34,10
DA:35,10
DA:37,10
DA:38,4
DA:41,6
DA:47,6
DA:53,6
DA:57,13
DA:58,13
DA:59,13
DA:60,13
DA:61,13
DA:63,13
DA:64,2
DA:65,2
DA:67,11
DA:68,11
DA:69,11
DA:70,11
DA:71,1
DA:72,1
DA:74,10
DA:75,10
DA:77,10
DA:78,1
DA:79,1
DA:82,9
DA:83,9
DA:84,5
DA:85,0
DA:86,0
DA:89,5
DA:90,0
DA:93,5
DA:94,5
DA:95,5
DA:96,5
DA:103,4
DA:104,4
DA:105,4
DA:110,5
DA:111,5
DA:112,5
DA:113,1
DA:114,1
DA:117,4
DA:118,1
DA:119,1
DA:121,3
DA:122,3
DA:123,1
DA:124,1
DA:126,2
DA:127,2
DA:128,2
DA:129,2
DA:130,1
DA:131,1
DA:133,1
DA:134,0
DA:135,0
DA:136,0
DA:137,0
DA:139,1
DA:140,1
DA:141,1
DA:142,1
DA:144,0
DA:149,9
DA:150,9
DA:151,8
DA:152,3
DA:153,3
DA:155,5
DA:156,1
DA:157,1
DA:159,4
DA:160,4
DA:161,1
DA:162,1
DA:165,3
DA:166,3
DA:167,3
DA:168,3
DA:169,0
DA:170,0
DA:173,3
DA:174,2
DA:175,2
DA:176,2
DA:177,2
DA:180,1
DA:181,1
DA:182,0
DA:183,0
DA:184,0
DA:185,0
DA:188,1
DA:189,1
DA:190,1
DA:192,1
DA:197,0
DA:225,3
LF:121
LH:106
BRDA:13,0,0,2
BRDA:13,1,0,9
BRDA:13,1,1,8
BRDA:37,2,0,4
BRDA:37,3,0,10
BRDA:37,3,1,6
BRDA:37,3,2,6
BRDA:63,4,0,2
BRDA:63,5,0,13
BRDA:63,5,1,12
BRDA:70,6,0,1
BRDA:77,7,0,1
BRDA:84,8,0,0
BRDA:89,9,0,0
BRDA:104,10,0,4
BRDA:112,11,0,1
BRDA:117,12,0,1
BRDA:122,13,0,1
BRDA:129,14,0,1
BRDA:133,15,0,0
BRDA:133,16,0,1
BRDA:133,16,1,1
BRDA:151,17,0,3
BRDA:155,18,0,1
BRDA:160,19,0,1
BRDA:168,20,0,0
BRDA:173,21,0,2
BRDA:173,22,0,3
BRDA:173,22,1,3
BRDA:181,23,0,0
BRF:30
BRH:25
end_of_record
TN:
SF:src\controllers\base.controller.ts
FN:7,(anonymous_7)
FN:11,(anonymous_8)
FN:20,(anonymous_10)
FN:47,(anonymous_12)
FN:61,(anonymous_14)
FN:78,(anonymous_16)
FNF:6
FNH:4
FNDA:6,(anonymous_7)
FNDA:1,(anonymous_8)
FNDA:5,(anonymous_10)
FNDA:1,(anonymous_12)
FNDA:0,(anonymous_14)
FNDA:0,(anonymous_16)
DA:8,6
DA:12,1
DA:13,1
DA:14,1
DA:16,0
DA:21,5
DA:22,5
DA:23,5
DA:25,5
DA:26,5
DA:27,2
DA:30,5
DA:31,0
DA:34,5
DA:36,5
DA:37,5
DA:38,5
DA:41,0
DA:43,0
DA:48,1
DA:49,1
DA:50,1
DA:51,1
DA:52,0
DA:54,1
DA:57,0
DA:62,0
DA:64,0
DA:65,0
DA:66,0
DA:67,0
DA:68,0
DA:71,0
DA:72,0
DA:74,0
DA:79,0
DA:80,0
DA:81,0
DA:82,0
DA:84,0
DA:91,3
LF:41
LH:21
BRDA:26,0,0,2
BRDA:30,1,0,0
BRDA:34,2,0,2
BRDA:34,2,1,3
BRDA:36,3,0,5
BRDA:51,4,0,0
BRDA:51,4,1,1
BRDA:66,5,0,0
BRF:8
BRH:5
end_of_record
TN:
SF:src\controllers\comment.controller.ts
FN:6,(anonymous_8)
FN:10,(anonymous_9)
FNF:2
FNH:1
FNDA:3,(anonymous_8)
FNDA:0,(anonymous_9)
DA:1,3
DA:3,3
DA:7,3
DA:11,0
DA:12,0
DA:16,0
DA:17,0
DA:22,3
LF:8
LH:4
BRF:0
BRH:0
end_of_record
TN:
SF:src\controllers\post.controller.ts
FN:6,(anonymous_8)
FN:10,(anonymous_9)
FNF:2
FNH:2
FNDA:3,(anonymous_8)
FNDA:1,(anonymous_9)
DA:1,3
DA:3,3
DA:7,3
DA:11,1
DA:12,1
DA:16,1
DA:17,1
DA:22,3
LF:8
LH:8
BRF:0
BRH:0
end_of_record
TN:
SF:src\middleware\auth.middleware.ts
FN:8,(anonymous_1)
FNF:1
FNH:1
FNDA:7,(anonymous_1)
DA:2,3
DA:8,3
DA:9,7
DA:10,7
DA:12,7
DA:13,2
DA:14,2
DA:17,5
DA:18,2
DA:19,2
DA:22,3
DA:23,3
DA:24,1
DA:25,1
DA:27,2
DA:28,2
LF:16
LH:16
BRDA:10,0,0,7
BRDA:10,0,1,5
BRDA:12,1,0,2
BRDA:17,2,0,2
BRF:4
BRH:4
end_of_record
TN:
SF:src\models\Comment.model.ts
FNF:0
FNH:0
DA:1,3
DA:9,3
DA:15,3
DA:17,3
LF:4
LH:4
BRF:0
BRH:0
end_of_record
TN:
SF:src\models\Post.model.ts
FNF:0
FNH:0
DA:1,3
DA:9,3
DA:15,3
DA:16,3
LF:4
LH:4
BRF:0
BRH:0
end_of_record
TN:
SF:src\models\User.model.ts
FNF:0
FNH:0
DA:1,3
DA:10,3
DA:16,3
DA:17,3
LF:4
LH:4
BRF:0
BRH:0
end_of_record
TN:
SF:src\routes\auth.route.ts
FNF:0
FNH:0
DA:1,3
DA:2,3
DA:4,3
DA:64,3
DA:101,3
DA:128,3
DA:160,3
DA:162,3
LF:8
LH:8
BRF:0
BRH:0
end_of_record
TN:
SF:src\routes\comment.route.ts
FNF:0
FNH:0
DA:1,3
DA:2,3
DA:3,3
DA:5,3
DA:80,3
DA:108,3
DA:136,3
DA:164,3
DA:206,3
DA:230,3
DA:232,3
LF:11
LH:11
BRF:0
BRH:0
end_of_record
TN:
SF:src\routes\post.route.ts
FNF:0
FNH:0
DA:1,3
DA:2,3
DA:3,3
DA:5,3
DA:84,3
DA:112,3
DA:140,3
DA:186,3
DA:210,3
DA:212,3
LF:10
LH:10
BRF:0
BRH:0
end_of_record
