TN:
SF:src\app.ts
FN:23,(anonymous_1)
FN:47,(anonymous_2)
FN:48,(anonymous_3)
FN:51,(anonymous_4)
FN:60,(anonymous_5)
FN:61,(anonymous_6)
FNF:6
FNH:4
FNDA:0,(anonymous_1)
FNDA:3,(anonymous_2)
FNDA:3,(anonymous_3)
FNDA:3,(anonymous_4)
FNDA:3,(anonymous_5)
FNDA:0,(anonymous_6)
DA:1,3
DA:2,3
DA:3,3
DA:4,3
DA:5,3
DA:6,3
DA:7,3
DA:8,3
DA:9,3
DA:10,3
DA:11,3
DA:13,3
DA:19,3
DA:20,3
DA:23,3
DA:24,0
DA:26,3
DA:27,3
DA:28,3
DA:31,3
DA:43,3
DA:44,3
DA:47,3
DA:48,3
DA:49,3
DA:50,3
DA:51,3
DA:52,3
DA:55,3
DA:56,0
DA:58,3
DA:60,3
DA:61,0
DA:66,3
LF:34
LH:31
BRDA:55,0,0,0
BRDA:55,0,1,3
BRF:2
BRH:1
end_of_record
TN:
SF:src\controllers\auth.controller.ts
FN:15,(anonymous_8)
FN:39,(anonymous_9)
FN:39,(anonymous_10)
FN:67,(anonymous_11)
FN:67,(anonymous_12)
FN:109,(anonymous_13)
FN:109,(anonymous_14)
FN:120,(anonymous_15)
FN:120,(anonymous_16)
FN:138,(anonymous_17)
FN:148,(anonymous_18)
FN:148,(anonymous_19)
FN:158,(anonymous_20)
FN:158,(anonymous_21)
FN:187,(anonymous_22)
FN:201,(anonymous_23)
FN:201,(anonymous_24)
FNF:17
FNH:15
FNDA:11,(anonymous_8)
FNDA:9,(anonymous_9)
FNDA:9,(anonymous_10)
FNDA:13,(anonymous_11)
FNDA:13,(anonymous_12)
FNDA:5,(anonymous_13)
FNDA:5,(anonymous_14)
FNDA:3,(anonymous_15)
FNDA:3,(anonymous_16)
FNDA:1,(anonymous_17)
FNDA:10,(anonymous_18)
FNDA:10,(anonymous_19)
FNDA:7,(anonymous_20)
FNDA:7,(anonymous_21)
FNDA:3,(anonymous_22)
FNDA:0,(anonymous_23)
FNDA:0,(anonymous_24)
DA:2,3
DA:3,3
DA:4,3
DA:5,3
DA:6,3
DA:7,3
DA:9,3
DA:15,3
DA:16,11
DA:18,11
DA:19,11
DA:20,11
DA:22,11
DA:24,11
DA:25,1
DA:28,10
DA:32,10
DA:36,10
DA:39,9
DA:40,9
DA:42,9
DA:43,3
DA:46,6
DA:47,6
DA:48,6
DA:49,2
DA:52,4
DA:53,4
DA:55,4
DA:61,4
DA:63,0
DA:67,13
DA:68,13
DA:70,13
DA:71,2
DA:74,11
DA:75,11
DA:76,11
DA:77,2
DA:80,9
DA:81,0
DA:86,9
DA:87,9
DA:88,1
DA:91,8
DA:93,7
DA:94,7
DA:95,7
DA:97,7
DA:105,1
DA:109,5
DA:110,5
DA:111,5
DA:112,1
DA:113,1
DA:116,4
DA:117,1
DA:118,1
DA:120,3
DA:121,3
DA:122,1
DA:123,1
DA:125,2
DA:126,2
DA:127,2
DA:128,2
DA:129,1
DA:130,1
DA:132,1
DA:133,0
DA:134,0
DA:135,0
DA:136,0
DA:138,1
DA:139,1
DA:140,1
DA:141,1
DA:143,0
DA:148,10
DA:149,10
DA:150,9
DA:151,1
DA:152,1
DA:154,8
DA:155,1
DA:156,1
DA:158,7
DA:159,7
DA:160,1
DA:161,1
DA:164,6
DA:165,6
DA:166,6
DA:167,6
DA:168,1
DA:169,1
DA:172,5
DA:173,2
DA:174,2
DA:175,2
DA:176,2
DA:179,3
DA:180,3
DA:181,0
DA:182,0
DA:183,0
DA:184,0
DA:187,3
DA:188,3
DA:189,3
DA:191,3
DA:196,0
DA:201,3
DA:202,0
DA:204,0
DA:205,0
DA:208,0
DA:209,0
DA:214,0
DA:215,0
DA:216,0
DA:219,0
DA:220,0
DA:221,0
DA:229,0
DA:231,0
DA:232,0
DA:233,0
DA:235,0
DA:243,0
DA:244,0
DA:249,3
LF:132
LH:102
BRDA:24,0,0,1
BRDA:24,1,0,11
BRDA:24,1,1,10
BRDA:24,1,2,10
BRDA:42,2,0,3
BRDA:42,3,0,9
BRDA:42,3,1,8
BRDA:42,3,2,7
BRDA:48,4,0,2
BRDA:70,5,0,2
BRDA:70,6,0,13
BRDA:70,6,1,12
BRDA:76,7,0,2
BRDA:80,8,0,0
BRDA:87,9,0,1
BRDA:93,10,0,7
BRDA:93,10,1,0
BRDA:111,11,0,1
BRDA:116,12,0,1
BRDA:121,13,0,1
BRDA:128,14,0,1
BRDA:132,15,0,0
BRDA:132,16,0,1
BRDA:132,16,1,1
BRDA:150,17,0,1
BRDA:154,18,0,1
BRDA:159,19,0,1
BRDA:167,20,0,1
BRDA:172,21,0,2
BRDA:172,22,0,5
BRDA:172,22,1,5
BRDA:180,23,0,0
BRDA:204,24,0,0
BRDA:204,25,0,0
BRDA:204,25,1,0
BRDA:215,26,0,0
BRDA:215,27,0,0
BRDA:215,27,1,0
BRDA:215,27,2,0
BRDA:220,28,0,0
BRDA:231,29,0,0
BRDA:231,29,1,0
BRF:42
BRH:28
end_of_record
TN:
SF:src\controllers\base.controller.ts
FN:8,(anonymous_8)
FN:12,(anonymous_9)
FN:21,(anonymous_11)
FN:48,(anonymous_13)
FN:68,(anonymous_15)
FN:89,(anonymous_17)
FNF:6
FNH:6
FNDA:6,(anonymous_8)
FNDA:2,(anonymous_9)
FNDA:10,(anonymous_11)
FNDA:5,(anonymous_13)
FNDA:2,(anonymous_15)
FNDA:2,(anonymous_17)
DA:3,3
DA:9,6
DA:13,2
DA:14,2
DA:15,1
DA:17,1
DA:22,10
DA:23,10
DA:24,10
DA:26,10
DA:27,10
DA:28,4
DA:31,10
DA:32,1
DA:35,10
DA:37,10
DA:38,7
DA:39,7
DA:42,3
DA:44,0
DA:49,5
DA:51,5
DA:52,1
DA:55,4
DA:56,4
DA:57,4
DA:58,1
DA:60,3
DA:63,0
DA:69,2
DA:71,2
DA:72,0
DA:75,2
DA:76,2
DA:78,2
DA:79,1
DA:82,1
DA:84,0
DA:90,2
DA:92,2
DA:93,1
DA:96,1
DA:97,1
DA:98,1
DA:99,0
DA:101,1
DA:103,0
DA:109,3
LF:48
LH:42
BRDA:27,0,0,4
BRDA:31,1,0,1
BRDA:35,2,0,5
BRDA:35,2,1,5
BRDA:37,3,0,7
BRDA:51,4,0,1
BRDA:57,5,0,1
BRDA:57,5,1,3
BRDA:71,6,0,0
BRDA:78,7,0,1
BRDA:92,8,0,1
BRDA:98,9,0,0
BRF:12
BRH:10
end_of_record
TN:
SF:src\controllers\comment.controller.ts
FN:6,(anonymous_8)
FN:10,(anonymous_9)
FNF:2
FNH:2
FNDA:3,(anonymous_8)
FNDA:2,(anonymous_9)
DA:1,3
DA:3,3
DA:7,3
DA:11,2
DA:12,2
DA:16,2
DA:17,2
DA:22,3
LF:8
LH:8
BRF:0
BRH:0
end_of_record
TN:
SF:src\controllers\post.controller.ts
FN:6,(anonymous_8)
FN:10,(anonymous_9)
FNF:2
FNH:2
FNDA:3,(anonymous_8)
FNDA:2,(anonymous_9)
DA:1,3
DA:3,3
DA:7,3
DA:11,2
DA:12,2
DA:14,2
DA:15,0
DA:16,0
DA:19,2
DA:21,2
DA:26,2
DA:27,2
DA:28,2
DA:30,0
DA:31,0
DA:32,0
DA:37,3
LF:17
LH:12
BRDA:14,0,0,0
BRDA:14,1,0,2
BRDA:14,1,1,2
BRF:3
BRH:2
end_of_record
TN:
SF:src\middleware\auth.middleware.ts
FN:8,(anonymous_1)
FNF:1
FNH:1
FNDA:14,(anonymous_1)
DA:2,3
DA:8,3
DA:9,14
DA:10,14
DA:12,14
DA:13,2
DA:14,2
DA:17,12
DA:18,0
DA:19,0
DA:22,12
DA:23,12
DA:24,8
DA:25,8
DA:27,4
DA:28,4
LF:16
LH:14
BRDA:10,0,0,14
BRDA:10,0,1,12
BRDA:12,1,0,2
BRDA:17,2,0,0
BRF:4
BRH:3
end_of_record
TN:
SF:src\models\Comment.model.ts
FNF:0
FNH:0
DA:1,3
DA:9,3
DA:15,3
DA:17,3
LF:4
LH:4
BRF:0
BRH:0
end_of_record
TN:
SF:src\models\Post.model.ts
FNF:0
FNH:0
DA:1,3
DA:9,3
DA:15,3
DA:16,3
LF:4
LH:4
BRF:0
BRH:0
end_of_record
TN:
SF:src\models\User.model.ts
FNF:0
FNH:0
DA:1,3
DA:11,3
DA:18,3
DA:19,3
LF:4
LH:4
BRF:0
BRH:0
end_of_record
TN:
SF:src\routes\auth.route.ts
FN:64,(anonymous_1)
FN:103,(anonymous_2)
FN:132,(anonymous_3)
FN:208,(anonymous_4)
FNF:4
FNH:3
FNDA:9,(anonymous_1)
FNDA:13,(anonymous_2)
FNDA:5,(anonymous_3)
FNDA:0,(anonymous_4)
DA:1,3
DA:2,3
DA:4,3
DA:64,3
DA:65,9
DA:103,3
DA:104,13
DA:132,3
DA:133,5
DA:166,3
DA:208,3
DA:209,0
DA:212,3
LF:13
LH:12
BRF:0
BRH:0
end_of_record
TN:
SF:src\routes\comment.route.ts
FN:166,(anonymous_8)
FN:166,(anonymous_9)
FN:218,(anonymous_10)
FN:218,(anonymous_11)
FN:252,(anonymous_12)
FN:252,(anonymous_13)
FNF:6
FNH:6
FNDA:4,(anonymous_8)
FNDA:4,(anonymous_9)
FNDA:2,(anonymous_10)
FNDA:2,(anonymous_11)
FNDA:2,(anonymous_12)
FNDA:2,(anonymous_13)
DA:1,3
DA:2,3
DA:3,3
DA:5,3
DA:80,3
DA:108,3
DA:136,3
DA:164,3
DA:166,4
DA:167,4
DA:168,4
DA:170,0
DA:215,3
DA:218,2
DA:219,2
DA:220,2
DA:222,0
DA:249,3
DA:252,2
DA:253,2
DA:254,2
DA:256,0
DA:261,3
LF:23
LH:20
BRF:0
BRH:0
end_of_record
TN:
SF:src\routes\post.route.ts
FN:140,(anonymous_8)
FN:188,(anonymous_9)
FN:188,(anonymous_10)
FN:218,(anonymous_11)
FN:218,(anonymous_12)
FNF:5
FNH:1
FNDA:1,(anonymous_8)
FNDA:0,(anonymous_9)
FNDA:0,(anonymous_10)
FNDA:0,(anonymous_11)
FNDA:0,(anonymous_12)
DA:1,3
DA:2,3
DA:3,3
DA:5,3
DA:84,3
DA:112,3
DA:140,3
DA:141,1
DA:188,3
DA:189,0
DA:190,0
DA:192,0
DA:218,3
DA:219,0
DA:220,0
DA:222,0
DA:226,3
LF:17
LH:11
BRF:0
BRH:0
end_of_record
